npm WARN deprecated stable@0.1.8: Modern JS already guarantees Array#sort() is a stable sort, so this library is deprecated. See the compatibility table on MDN: https://developer.mozilla.org/en-US/docs/Web/JavaScript/Reference/Global_Objects/Array/sort#browser_compatibility
npm WARN deprecated @npmcli/move-file@1.1.2: This functionality has been moved to @npmcli/fs
npm WARN deprecated har-validator@5.1.5: this library is no longer supported
npm WARN deprecated w3c-hr-time@1.0.2: Use your platform's native performance.now() and performance.timeOrigin.
npm WARN deprecated uuid@3.4.0: Please upgrade  to version 7 or higher.  Older versions may use Math.random() in certain circumstances, which is known to be problematic.  See https://v8.dev/blog/math-random for details.
npm WARN deprecated request@2.88.2: request has been deprecated, see https://github.com/request/request/issues/3142
npm WARN deprecated svgo@1.3.2: This SVGO version is no longer supported. Upgrade to v2.x.x.
npm ERR! code 1
npm ERR! path /home/ubuntu/quiz-network-server/react/node_modules/node-sass
npm ERR! command failed
npm ERR! command sh -c node scripts/build.js
npm ERR! Building: /home/ubuntu/.nvm/versions/node/v21.2.0/bin/node /home/ubuntu/quiz-network-server/react/node_modules/node-gyp/bin/node-gyp.js rebuild --verbose --libsass_ext= --libsass_cflags= --libsass_ldflags= --libsass_library=
npm ERR! make: Entering directory '/home/ubuntu/quiz-network-server/react/node_modules/node-sass/build'
npm ERR!   g++ -o Release/obj.target/libsass/src/libsass/src/ast.o ../src/libsass/src/ast.cpp '-DNODE_GYP_MODULE_NAME=libsass' '-DUSING_UV_SHARED=1' '-DUSING_V8_SHARED=1' '-DV8_DEPRECATION_WARNINGS=1' '-DV8_DEPRECATION_WARNINGS' '-DV8_IMMINENT_DEPRECATION_WARNINGS' '-D_GLIBCXX_USE_CXX11_ABI=1' '-D_LARGEFILE_SOURCE' '-D_FILE_OFFSET_BITS=64' '-D__STDC_FORMAT_MACROS' '-DOPENSSL_NO_PINSHARED' '-DOPENSSL_THREADS' '-DLIBSASS_VERSION="3.5.5"' -I/home/ubuntu/.cache/node-gyp/21.2.0/include/node -I/home/ubuntu/.cache/node-gyp/21.2.0/src -I/home/ubuntu/.cache/node-gyp/21.2.0/deps/openssl/config -I/home/ubuntu/.cache/node-gyp/21.2.0/deps/openssl/openssl/include -I/home/ubuntu/.cache/node-gyp/21.2.0/deps/uv/include -I/home/ubuntu/.cache/node-gyp/21.2.0/deps/zlib -I/home/ubuntu/.cache/node-gyp/21.2.0/deps/v8/include -I../src/libsass/include  -fPIC -pthread -Wall -Wextra -Wno-unused-parameter -m64 -O3 -fno-omit-frame-pointer -std=gnu++17 -std=c++0x -fexceptions -frtti -MMD -MF ./Release/.deps/Release/obj.target/libsass/src/libsass/src/ast.o.d.raw   -c
npm ERR!   g++ -o Release/obj.target/libsass/src/libsass/src/ast_fwd_decl.o ../src/libsass/src/ast_fwd_decl.cpp '-DNODE_GYP_MODULE_NAME=libsass' '-DUSING_UV_SHARED=1' '-DUSING_V8_SHARED=1' '-DV8_DEPRECATION_WARNINGS=1' '-DV8_DEPRECATION_WARNINGS' '-DV8_IMMINENT_DEPRECATION_WARNINGS' '-D_GLIBCXX_USE_CXX11_ABI=1' '-D_LARGEFILE_SOURCE' '-D_FILE_OFFSET_BITS=64' '-D__STDC_FORMAT_MACROS' '-DOPENSSL_NO_PINSHARED' '-DOPENSSL_THREADS' '-DLIBSASS_VERSION="3.5.5"' -I/home/ubuntu/.cache/node-gyp/21.2.0/include/node -I/home/ubuntu/.cache/node-gyp/21.2.0/src -I/home/ubuntu/.cache/node-gyp/21.2.0/deps/openssl/config -I/home/ubuntu/.cache/node-gyp/21.2.0/deps/openssl/openssl/include -I/home/ubuntu/.cache/node-gyp/21.2.0/deps/uv/include -I/home/ubuntu/.cache/node-gyp/21.2.0/deps/zlib -I/home/ubuntu/.cache/node-gyp/21.2.0/deps/v8/include -I../src/libsass/include  -fPIC -pthread -Wall -Wextra -Wno-unused-parameter -m64 -O3 -fno-omit-frame-pointer -std=gnu++17 -std=c++0x -fexceptions -frtti -MMD -MF ./Release/.deps/Release/obj.target/libsass/src/libsass/src/ast_fwd_decl.o.d.raw   -c
npm ERR!   g++ -o Release/obj.target/libsass/src/libsass/src/backtrace.o ../src/libsass/src/backtrace.cpp '-DNODE_GYP_MODULE_NAME=libsass' '-DUSING_UV_SHARED=1' '-DUSING_V8_SHARED=1' '-DV8_DEPRECATION_WARNINGS=1' '-DV8_DEPRECATION_WARNINGS' '-DV8_IMMINENT_DEPRECATION_WARNINGS' '-D_GLIBCXX_USE_CXX11_ABI=1' '-D_LARGEFILE_SOURCE' '-D_FILE_OFFSET_BITS=64' '-D__STDC_FORMAT_MACROS' '-DOPENSSL_NO_PINSHARED' '-DOPENSSL_THREADS' '-DLIBSASS_VERSION="3.5.5"' -I/home/ubuntu/.cache/node-gyp/21.2.0/include/node -I/home/ubuntu/.cache/node-gyp/21.2.0/src -I/home/ubuntu/.cache/node-gyp/21.2.0/deps/openssl/config -I/home/ubuntu/.cache/node-gyp/21.2.0/deps/openssl/openssl/include -I/home/ubuntu/.cache/node-gyp/21.2.0/deps/uv/include -I/home/ubuntu/.cache/node-gyp/21.2.0/deps/zlib -I/home/ubuntu/.cache/node-gyp/21.2.0/deps/v8/include -I../src/libsass/include  -fPIC -pthread -Wall -Wextra -Wno-unused-parameter -m64 -O3 -fno-omit-frame-pointer -std=gnu++17 -std=c++0x -fexceptions -frtti -MMD -MF ./Release/.deps/Release/obj.target/libsass/src/libsass/src/backtrace.o.d.raw   -c
npm ERR!   g++ -o Release/obj.target/libsass/src/libsass/src/base64vlq.o ../src/libsass/src/base64vlq.cpp '-DNODE_GYP_MODULE_NAME=libsass' '-DUSING_UV_SHARED=1' '-DUSING_V8_SHARED=1' '-DV8_DEPRECATION_WARNINGS=1' '-DV8_DEPRECATION_WARNINGS' '-DV8_IMMINENT_DEPRECATION_WARNINGS' '-D_GLIBCXX_USE_CXX11_ABI=1' '-D_LARGEFILE_SOURCE' '-D_FILE_OFFSET_BITS=64' '-D__STDC_FORMAT_MACROS' '-DOPENSSL_NO_PINSHARED' '-DOPENSSL_THREADS' '-DLIBSASS_VERSION="3.5.5"' -I/home/ubuntu/.cache/node-gyp/21.2.0/include/node -I/home/ubuntu/.cache/node-gyp/21.2.0/src -I/home/ubuntu/.cache/node-gyp/21.2.0/deps/openssl/config -I/home/ubuntu/.cache/node-gyp/21.2.0/deps/openssl/openssl/include -I/home/ubuntu/.cache/node-gyp/21.2.0/deps/uv/include -I/home/ubuntu/.cache/node-gyp/21.2.0/deps/zlib -I/home/ubuntu/.cache/node-gyp/21.2.0/deps/v8/include -I../src/libsass/include  -fPIC -pthread -Wall -Wextra -Wno-unused-parameter -m64 -O3 -fno-omit-frame-pointer -std=gnu++17 -std=c++0x -fexceptions -frtti -MMD -MF ./Release/.deps/Release/obj.target/libsass/src/libsass/src/base64vlq.o.d.raw   -c
npm ERR!   g++ -o Release/obj.target/libsass/src/libsass/src/bind.o ../src/libsass/src/bind.cpp '-DNODE_GYP_MODULE_NAME=libsass' '-DUSING_UV_SHARED=1' '-DUSING_V8_SHARED=1' '-DV8_DEPRECATION_WARNINGS=1' '-DV8_DEPRECATION_WARNINGS' '-DV8_IMMINENT_DEPRECATION_WARNINGS' '-D_GLIBCXX_USE_CXX11_ABI=1' '-D_LARGEFILE_SOURCE' '-D_FILE_OFFSET_BITS=64' '-D__STDC_FORMAT_MACROS' '-DOPENSSL_NO_PINSHARED' '-DOPENSSL_THREADS' '-DLIBSASS_VERSION="3.5.5"' -I/home/ubuntu/.cache/node-gyp/21.2.0/include/node -I/home/ubuntu/.cache/node-gyp/21.2.0/src -I/home/ubuntu/.cache/node-gyp/21.2.0/deps/openssl/config -I/home/ubuntu/.cache/node-gyp/21.2.0/deps/openssl/openssl/include -I/home/ubuntu/.cache/node-gyp/21.2.0/deps/uv/include -I/home/ubuntu/.cache/node-gyp/21.2.0/deps/zlib -I/home/ubuntu/.cache/node-gyp/21.2.0/deps/v8/include -I../src/libsass/include  -fPIC -pthread -Wall -Wextra -Wno-unused-parameter -m64 -O3 -fno-omit-frame-pointer -std=gnu++17 -std=c++0x -fexceptions -frtti -MMD -MF ./Release/.deps/Release/obj.target/libsass/src/libsass/src/bind.o.d.raw   -c
npm ERR!   cc -o Release/obj.target/libsass/src/libsass/src/cencode.o ../src/libsass/src/cencode.c '-DNODE_GYP_MODULE_NAME=libsass' '-DUSING_UV_SHARED=1' '-DUSING_V8_SHARED=1' '-DV8_DEPRECATION_WARNINGS=1' '-DV8_DEPRECATION_WARNINGS' '-DV8_IMMINENT_DEPRECATION_WARNINGS' '-D_GLIBCXX_USE_CXX11_ABI=1' '-D_LARGEFILE_SOURCE' '-D_FILE_OFFSET_BITS=64' '-D__STDC_FORMAT_MACROS' '-DOPENSSL_NO_PINSHARED' '-DOPENSSL_THREADS' '-DLIBSASS_VERSION="3.5.5"' -I/home/ubuntu/.cache/node-gyp/21.2.0/include/node -I/home/ubuntu/.cache/node-gyp/21.2.0/src -I/home/ubuntu/.cache/node-gyp/21.2.0/deps/openssl/config -I/home/ubuntu/.cache/node-gyp/21.2.0/deps/openssl/openssl/include -I/home/ubuntu/.cache/node-gyp/21.2.0/deps/uv/include -I/home/ubuntu/.cache/node-gyp/21.2.0/deps/zlib -I/home/ubuntu/.cache/node-gyp/21.2.0/deps/v8/include -I../src/libsass/include  -fPIC -pthread -Wall -Wextra -Wno-unused-parameter -m64 -O3 -fno-omit-frame-pointer  -MMD -MF ./Release/.deps/Release/obj.target/libsass/src/libsass/src/cencode.o.d.raw   -c
npm ERR!   g++ -o Release/obj.target/libsass/src/libsass/src/check_nesting.o ../src/libsass/src/check_nesting.cpp '-DNODE_GYP_MODULE_NAME=libsass' '-DUSING_UV_SHARED=1' '-DUSING_V8_SHARED=1' '-DV8_DEPRECATION_WARNINGS=1' '-DV8_DEPRECATION_WARNINGS' '-DV8_IMMINENT_DEPRECATION_WARNINGS' '-D_GLIBCXX_USE_CXX11_ABI=1' '-D_LARGEFILE_SOURCE' '-D_FILE_OFFSET_BITS=64' '-D__STDC_FORMAT_MACROS' '-DOPENSSL_NO_PINSHARED' '-DOPENSSL_THREADS' '-DLIBSASS_VERSION="3.5.5"' -I/home/ubuntu/.cache/node-gyp/21.2.0/include/node -I/home/ubuntu/.cache/node-gyp/21.2.0/src -I/home/ubuntu/.cache/node-gyp/21.2.0/deps/openssl/config -I/home/ubuntu/.cache/node-gyp/21.2.0/deps/openssl/openssl/include -I/home/ubuntu/.cache/node-gyp/21.2.0/deps/uv/include -I/home/ubuntu/.cache/node-gyp/21.2.0/deps/zlib -I/home/ubuntu/.cache/node-gyp/21.2.0/deps/v8/include -I../src/libsass/include  -fPIC -pthread -Wall -Wextra -Wno-unused-parameter -m64 -O3 -fno-omit-frame-pointer -std=gnu++17 -std=c++0x -fexceptions -frtti -MMD -MF ./Release/.deps/Release/obj.target/libsass/src/libsass/src/check_nesting.o.d.raw   -c
npm ERR!   g++ -o Release/obj.target/libsass/src/libsass/src/color_maps.o ../src/libsass/src/color_maps.cpp '-DNODE_GYP_MODULE_NAME=libsass' '-DUSING_UV_SHARED=1' '-DUSING_V8_SHARED=1' '-DV8_DEPRECATION_WARNINGS=1' '-DV8_DEPRECATION_WARNINGS' '-DV8_IMMINENT_DEPRECATION_WARNINGS' '-D_GLIBCXX_USE_CXX11_ABI=1' '-D_LARGEFILE_SOURCE' '-D_FILE_OFFSET_BITS=64' '-D__STDC_FORMAT_MACROS' '-DOPENSSL_NO_PINSHARED' '-DOPENSSL_THREADS' '-DLIBSASS_VERSION="3.5.5"' -I/home/ubuntu/.cache/node-gyp/21.2.0/include/node -I/home/ubuntu/.cache/node-gyp/21.2.0/src -I/home/ubuntu/.cache/node-gyp/21.2.0/deps/openssl/config -I/home/ubuntu/.cache/node-gyp/21.2.0/deps/openssl/openssl/include -I/home/ubuntu/.cache/node-gyp/21.2.0/deps/uv/include -I/home/ubuntu/.cache/node-gyp/21.2.0/deps/zlib -I/home/ubuntu/.cache/node-gyp/21.2.0/deps/v8/include -I../src/libsass/include  -fPIC -pthread -Wall -Wextra -Wno-unused-parameter -m64 -O3 -fno-omit-frame-pointer -std=gnu++17 -std=c++0x -fexceptions -frtti -MMD -MF ./Release/.deps/Release/obj.target/libsass/src/libsass/src/color_maps.o.d.raw   -c
npm ERR!   g++ -o Release/obj.target/libsass/src/libsass/src/constants.o ../src/libsass/src/constants.cpp '-DNODE_GYP_MODULE_NAME=libsass' '-DUSING_UV_SHARED=1' '-DUSING_V8_SHARED=1' '-DV8_DEPRECATION_WARNINGS=1' '-DV8_DEPRECATION_WARNINGS' '-DV8_IMMINENT_DEPRECATION_WARNINGS' '-D_GLIBCXX_USE_CXX11_ABI=1' '-D_LARGEFILE_SOURCE' '-D_FILE_OFFSET_BITS=64' '-D__STDC_FORMAT_MACROS' '-DOPENSSL_NO_PINSHARED' '-DOPENSSL_THREADS' '-DLIBSASS_VERSION="3.5.5"' -I/home/ubuntu/.cache/node-gyp/21.2.0/include/node -I/home/ubuntu/.cache/node-gyp/21.2.0/src -I/home/ubuntu/.cache/node-gyp/21.2.0/deps/openssl/config -I/home/ubuntu/.cache/node-gyp/21.2.0/deps/openssl/openssl/include -I/home/ubuntu/.cache/node-gyp/21.2.0/deps/uv/include -I/home/ubuntu/.cache/node-gyp/21.2.0/deps/zlib -I/home/ubuntu/.cache/node-gyp/21.2.0/deps/v8/include -I../src/libsass/include  -fPIC -pthread -Wall -Wextra -Wno-unused-parameter -m64 -O3 -fno-omit-frame-pointer -std=gnu++17 -std=c++0x -fexceptions -frtti -MMD -MF ./Release/.deps/Release/obj.target/libsass/src/libsass/src/constants.o.d.raw   -c
npm ERR!   g++ -o Release/obj.target/libsass/src/libsass/src/context.o ../src/libsass/src/context.cpp '-DNODE_GYP_MODULE_NAME=libsass' '-DUSING_UV_SHARED=1' '-DUSING_V8_SHARED=1' '-DV8_DEPRECATION_WARNINGS=1' '-DV8_DEPRECATION_WARNINGS' '-DV8_IMMINENT_DEPRECATION_WARNINGS' '-D_GLIBCXX_USE_CXX11_ABI=1' '-D_LARGEFILE_SOURCE' '-D_FILE_OFFSET_BITS=64' '-D__STDC_FORMAT_MACROS' '-DOPENSSL_NO_PINSHARED' '-DOPENSSL_THREADS' '-DLIBSASS_VERSION="3.5.5"' -I/home/ubuntu/.cache/node-gyp/21.2.0/include/node -I/home/ubuntu/.cache/node-gyp/21.2.0/src -I/home/ubuntu/.cache/node-gyp/21.2.0/deps/openssl/config -I/home/ubuntu/.cache/node-gyp/21.2.0/deps/openssl/openssl/include -I/home/ubuntu/.cache/node-gyp/21.2.0/deps/uv/include -I/home/ubuntu/.cache/node-gyp/21.2.0/deps/zlib -I/home/ubuntu/.cache/node-gyp/21.2.0/deps/v8/include -I../src/libsass/include  -fPIC -pthread -Wall -Wextra -Wno-unused-parameter -m64 -O3 -fno-omit-frame-pointer -std=gnu++17 -std=c++0x -fexceptions -frtti -MMD -MF ./Release/.deps/Release/obj.target/libsass/src/libsass/src/context.o.d.raw   -c
npm ERR!   g++ -o Release/obj.target/libsass/src/libsass/src/cssize.o ../src/libsass/src/cssize.cpp '-DNODE_GYP_MODULE_NAME=libsass' '-DUSING_UV_SHARED=1' '-DUSING_V8_SHARED=1' '-DV8_DEPRECATION_WARNINGS=1' '-DV8_DEPRECATION_WARNINGS' '-DV8_IMMINENT_DEPRECATION_WARNINGS' '-D_GLIBCXX_USE_CXX11_ABI=1' '-D_LARGEFILE_SOURCE' '-D_FILE_OFFSET_BITS=64' '-D__STDC_FORMAT_MACROS' '-DOPENSSL_NO_PINSHARED' '-DOPENSSL_THREADS' '-DLIBSASS_VERSION="3.5.5"' -I/home/ubuntu/.cache/node-gyp/21.2.0/include/node -I/home/ubuntu/.cache/node-gyp/21.2.0/src -I/home/ubuntu/.cache/node-gyp/21.2.0/deps/openssl/config -I/home/ubuntu/.cache/node-gyp/21.2.0/deps/openssl/openssl/include -I/home/ubuntu/.cache/node-gyp/21.2.0/deps/uv/include -I/home/ubuntu/.cache/node-gyp/21.2.0/deps/zlib -I/home/ubuntu/.cache/node-gyp/21.2.0/deps/v8/include -I../src/libsass/include  -fPIC -pthread -Wall -Wextra -Wno-unused-parameter -m64 -O3 -fno-omit-frame-pointer -std=gnu++17 -std=c++0x -fexceptions -frtti -MMD -MF ./Release/.deps/Release/obj.target/libsass/src/libsass/src/cssize.o.d.raw   -c
npm ERR!   g++ -o Release/obj.target/libsass/src/libsass/src/emitter.o ../src/libsass/src/emitter.cpp '-DNODE_GYP_MODULE_NAME=libsass' '-DUSING_UV_SHARED=1' '-DUSING_V8_SHARED=1' '-DV8_DEPRECATION_WARNINGS=1' '-DV8_DEPRECATION_WARNINGS' '-DV8_IMMINENT_DEPRECATION_WARNINGS' '-D_GLIBCXX_USE_CXX11_ABI=1' '-D_LARGEFILE_SOURCE' '-D_FILE_OFFSET_BITS=64' '-D__STDC_FORMAT_MACROS' '-DOPENSSL_NO_PINSHARED' '-DOPENSSL_THREADS' '-DLIBSASS_VERSION="3.5.5"' -I/home/ubuntu/.cache/node-gyp/21.2.0/include/node -I/home/ubuntu/.cache/node-gyp/21.2.0/src -I/home/ubuntu/.cache/node-gyp/21.2.0/deps/openssl/config -I/home/ubuntu/.cache/node-gyp/21.2.0/deps/openssl/openssl/include -I/home/ubuntu/.cache/node-gyp/21.2.0/deps/uv/include -I/home/ubuntu/.cache/node-gyp/21.2.0/deps/zlib -I/home/ubuntu/.cache/node-gyp/21.2.0/deps/v8/include -I../src/libsass/include  -fPIC -pthread -Wall -Wextra -Wno-unused-parameter -m64 -O3 -fno-omit-frame-pointer -std=gnu++17 -std=c++0x -fexceptions -frtti -MMD -MF ./Release/.deps/Release/obj.target/libsass/src/libsass/src/emitter.o.d.raw   -c
npm ERR!   g++ -o Release/obj.target/libsass/src/libsass/src/environment.o ../src/libsass/src/environment.cpp '-DNODE_GYP_MODULE_NAME=libsass' '-DUSING_UV_SHARED=1' '-DUSING_V8_SHARED=1' '-DV8_DEPRECATION_WARNINGS=1' '-DV8_DEPRECATION_WARNINGS' '-DV8_IMMINENT_DEPRECATION_WARNINGS' '-D_GLIBCXX_USE_CXX11_ABI=1' '-D_LARGEFILE_SOURCE' '-D_FILE_OFFSET_BITS=64' '-D__STDC_FORMAT_MACROS' '-DOPENSSL_NO_PINSHARED' '-DOPENSSL_THREADS' '-DLIBSASS_VERSION="3.5.5"' -I/home/ubuntu/.cache/node-gyp/21.2.0/include/node -I/home/ubuntu/.cache/node-gyp/21.2.0/src -I/home/ubuntu/.cache/node-gyp/21.2.0/deps/openssl/config -I/home/ubuntu/.cache/node-gyp/21.2.0/deps/openssl/openssl/include -I/home/ubuntu/.cache/node-gyp/21.2.0/deps/uv/include -I/home/ubuntu/.cache/node-gyp/21.2.0/deps/zlib -I/home/ubuntu/.cache/node-gyp/21.2.0/deps/v8/include -I../src/libsass/include  -fPIC -pthread -Wall -Wextra -Wno-unused-parameter -m64 -O3 -fno-omit-frame-pointer -std=gnu++17 -std=c++0x -fexceptions -frtti -MMD -MF ./Release/.deps/Release/obj.target/libsass/src/libsass/src/environment.o.d.raw   -c
npm ERR!   g++ -o Release/obj.target/libsass/src/libsass/src/error_handling.o ../src/libsass/src/error_handling.cpp '-DNODE_GYP_MODULE_NAME=libsass' '-DUSING_UV_SHARED=1' '-DUSING_V8_SHARED=1' '-DV8_DEPRECATION_WARNINGS=1' '-DV8_DEPRECATION_WARNINGS' '-DV8_IMMINENT_DEPRECATION_WARNINGS' '-D_GLIBCXX_USE_CXX11_ABI=1' '-D_LARGEFILE_SOURCE' '-D_FILE_OFFSET_BITS=64' '-D__STDC_FORMAT_MACROS' '-DOPENSSL_NO_PINSHARED' '-DOPENSSL_THREADS' '-DLIBSASS_VERSION="3.5.5"' -I/home/ubuntu/.cache/node-gyp/21.2.0/include/node -I/home/ubuntu/.cache/node-gyp/21.2.0/src -I/home/ubuntu/.cache/node-gyp/21.2.0/deps/openssl/config -I/home/ubuntu/.cache/node-gyp/21.2.0/deps/openssl/openssl/include -I/home/ubuntu/.cache/node-gyp/21.2.0/deps/uv/include -I/home/ubuntu/.cache/node-gyp/21.2.0/deps/zlib -I/home/ubuntu/.cache/node-gyp/21.2.0/deps/v8/include -I../src/libsass/include  -fPIC -pthread -Wall -Wextra -Wno-unused-parameter -m64 -O3 -fno-omit-frame-pointer -std=gnu++17 -std=c++0x -fexceptions -frtti -MMD -MF ./Release/.deps/Release/obj.target/libsass/src/libsass/src/error_handling.o.d.raw   -c
npm ERR!   g++ -o Release/obj.target/libsass/src/libsass/src/eval.o ../src/libsass/src/eval.cpp '-DNODE_GYP_MODULE_NAME=libsass' '-DUSING_UV_SHARED=1' '-DUSING_V8_SHARED=1' '-DV8_DEPRECATION_WARNINGS=1' '-DV8_DEPRECATION_WARNINGS' '-DV8_IMMINENT_DEPRECATION_WARNINGS' '-D_GLIBCXX_USE_CXX11_ABI=1' '-D_LARGEFILE_SOURCE' '-D_FILE_OFFSET_BITS=64' '-D__STDC_FORMAT_MACROS' '-DOPENSSL_NO_PINSHARED' '-DOPENSSL_THREADS' '-DLIBSASS_VERSION="3.5.5"' -I/home/ubuntu/.cache/node-gyp/21.2.0/include/node -I/home/ubuntu/.cache/node-gyp/21.2.0/src -I/home/ubuntu/.cache/node-gyp/21.2.0/deps/openssl/config -I/home/ubuntu/.cache/node-gyp/21.2.0/deps/openssl/openssl/include -I/home/ubuntu/.cache/node-gyp/21.2.0/deps/uv/include -I/home/ubuntu/.cache/node-gyp/21.2.0/deps/zlib -I/home/ubuntu/.cache/node-gyp/21.2.0/deps/v8/include -I../src/libsass/include  -fPIC -pthread -Wall -Wextra -Wno-unused-parameter -m64 -O3 -fno-omit-frame-pointer -std=gnu++17 -std=c++0x -fexceptions -frtti -MMD -MF ./Release/.deps/Release/obj.target/libsass/src/libsass/src/eval.o.d.raw   -c
npm ERR!   g++ -o Release/obj.target/libsass/src/libsass/src/expand.o ../src/libsass/src/expand.cpp '-DNODE_GYP_MODULE_NAME=libsass' '-DUSING_UV_SHARED=1' '-DUSING_V8_SHARED=1' '-DV8_DEPRECATION_WARNINGS=1' '-DV8_DEPRECATION_WARNINGS' '-DV8_IMMINENT_DEPRECATION_WARNINGS' '-D_GLIBCXX_USE_CXX11_ABI=1' '-D_LARGEFILE_SOURCE' '-D_FILE_OFFSET_BITS=64' '-D__STDC_FORMAT_MACROS' '-DOPENSSL_NO_PINSHARED' '-DOPENSSL_THREADS' '-DLIBSASS_VERSION="3.5.5"' -I/home/ubuntu/.cache/node-gyp/21.2.0/include/node -I/home/ubuntu/.cache/node-gyp/21.2.0/src -I/home/ubuntu/.cache/node-gyp/21.2.0/deps/openssl/config -I/home/ubuntu/.cache/node-gyp/21.2.0/deps/openssl/openssl/include -I/home/ubuntu/.cache/node-gyp/21.2.0/deps/uv/include -I/home/ubuntu/.cache/node-gyp/21.2.0/deps/zlib -I/home/ubuntu/.cache/node-gyp/21.2.0/deps/v8/include -I../src/libsass/include  -fPIC -pthread -Wall -Wextra -Wno-unused-parameter -m64 -O3 -fno-omit-frame-pointer -std=gnu++17 -std=c++0x -fexceptions -frtti -MMD -MF ./Release/.deps/Release/obj.target/libsass/src/libsass/src/expand.o.d.raw   -c
npm ERR!   g++ -o Release/obj.target/libsass/src/libsass/src/extend.o ../src/libsass/src/extend.cpp '-DNODE_GYP_MODULE_NAME=libsass' '-DUSING_UV_SHARED=1' '-DUSING_V8_SHARED=1' '-DV8_DEPRECATION_WARNINGS=1' '-DV8_DEPRECATION_WARNINGS' '-DV8_IMMINENT_DEPRECATION_WARNINGS' '-D_GLIBCXX_USE_CXX11_ABI=1' '-D_LARGEFILE_SOURCE' '-D_FILE_OFFSET_BITS=64' '-D__STDC_FORMAT_MACROS' '-DOPENSSL_NO_PINSHARED' '-DOPENSSL_THREADS' '-DLIBSASS_VERSION="3.5.5"' -I/home/ubuntu/.cache/node-gyp/21.2.0/include/node -I/home/ubuntu/.cache/node-gyp/21.2.0/src -I/home/ubuntu/.cache/node-gyp/21.2.0/deps/openssl/config -I/home/ubuntu/.cache/node-gyp/21.2.0/deps/openssl/openssl/include -I/home/ubuntu/.cache/node-gyp/21.2.0/deps/uv/include -I/home/ubuntu/.cache/node-gyp/21.2.0/deps/zlib -I/home/ubuntu/.cache/node-gyp/21.2.0/deps/v8/include -I../src/libsass/include  -fPIC -pthread -Wall -Wextra -Wno-unused-parameter -m64 -O3 -fno-omit-frame-pointer -std=gnu++17 -std=c++0x -fexceptions -frtti -MMD -MF ./Release/.deps/Release/obj.target/libsass/src/libsass/src/extend.o.d.raw   -c
npm ERR!   g++ -o Release/obj.target/libsass/src/libsass/src/file.o ../src/libsass/src/file.cpp '-DNODE_GYP_MODULE_NAME=libsass' '-DUSING_UV_SHARED=1' '-DUSING_V8_SHARED=1' '-DV8_DEPRECATION_WARNINGS=1' '-DV8_DEPRECATION_WARNINGS' '-DV8_IMMINENT_DEPRECATION_WARNINGS' '-D_GLIBCXX_USE_CXX11_ABI=1' '-D_LARGEFILE_SOURCE' '-D_FILE_OFFSET_BITS=64' '-D__STDC_FORMAT_MACROS' '-DOPENSSL_NO_PINSHARED' '-DOPENSSL_THREADS' '-DLIBSASS_VERSION="3.5.5"' -I/home/ubuntu/.cache/node-gyp/21.2.0/include/node -I/home/ubuntu/.cache/node-gyp/21.2.0/src -I/home/ubuntu/.cache/node-gyp/21.2.0/deps/openssl/config -I/home/ubuntu/.cache/node-gyp/21.2.0/deps/openssl/openssl/include -I/home/ubuntu/.cache/node-gyp/21.2.0/deps/uv/include -I/home/ubuntu/.cache/node-gyp/21.2.0/deps/zlib -I/home/ubuntu/.cache/node-gyp/21.2.0/deps/v8/include -I../src/libsass/include  -fPIC -pthread -Wall -Wextra -Wno-unused-parameter -m64 -O3 -fno-omit-frame-pointer -std=gnu++17 -std=c++0x -fexceptions -frtti -MMD -MF ./Release/.deps/Release/obj.target/libsass/src/libsass/src/file.o.d.raw   -c
npm ERR!   g++ -o Release/obj.target/libsass/src/libsass/src/functions.o ../src/libsass/src/functions.cpp '-DNODE_GYP_MODULE_NAME=libsass' '-DUSING_UV_SHARED=1' '-DUSING_V8_SHARED=1' '-DV8_DEPRECATION_WARNINGS=1' '-DV8_DEPRECATION_WARNINGS' '-DV8_IMMINENT_DEPRECATION_WARNINGS' '-D_GLIBCXX_USE_CXX11_ABI=1' '-D_LARGEFILE_SOURCE' '-D_FILE_OFFSET_BITS=64' '-D__STDC_FORMAT_MACROS' '-DOPENSSL_NO_PINSHARED' '-DOPENSSL_THREADS' '-DLIBSASS_VERSION="3.5.5"' -I/home/ubuntu/.cache/node-gyp/21.2.0/include/node -I/home/ubuntu/.cache/node-gyp/21.2.0/src -I/home/ubuntu/.cache/node-gyp/21.2.0/deps/openssl/config -I/home/ubuntu/.cache/node-gyp/21.2.0/deps/openssl/openssl/include -I/home/ubuntu/.cache/node-gyp/21.2.0/deps/uv/include -I/home/ubuntu/.cache/node-gyp/21.2.0/deps/zlib -I/home/ubuntu/.cache/node-gyp/21.2.0/deps/v8/include -I../src/libsass/include  -fPIC -pthread -Wall -Wextra -Wno-unused-parameter -m64 -O3 -fno-omit-frame-pointer -std=gnu++17 -std=c++0x -fexceptions -frtti -MMD -MF ./Release/.deps/Release/obj.target/libsass/src/libsass/src/functions.o.d.raw   -c
npm ERR!   g++ -o Release/obj.target/libsass/src/libsass/src/inspect.o ../src/libsass/src/inspect.cpp '-DNODE_GYP_MODULE_NAME=libsass' '-DUSING_UV_SHARED=1' '-DUSING_V8_SHARED=1' '-DV8_DEPRECATION_WARNINGS=1' '-DV8_DEPRECATION_WARNINGS' '-DV8_IMMINENT_DEPRECATION_WARNINGS' '-D_GLIBCXX_USE_CXX11_ABI=1' '-D_LARGEFILE_SOURCE' '-D_FILE_OFFSET_BITS=64' '-D__STDC_FORMAT_MACROS' '-DOPENSSL_NO_PINSHARED' '-DOPENSSL_THREADS' '-DLIBSASS_VERSION="3.5.5"' -I/home/ubuntu/.cache/node-gyp/21.2.0/include/node -I/home/ubuntu/.cache/node-gyp/21.2.0/src -I/home/ubuntu/.cache/node-gyp/21.2.0/deps/openssl/config -I/home/ubuntu/.cache/node-gyp/21.2.0/deps/openssl/openssl/include -I/home/ubuntu/.cache/node-gyp/21.2.0/deps/uv/include -I/home/ubuntu/.cache/node-gyp/21.2.0/deps/zlib -I/home/ubuntu/.cache/node-gyp/21.2.0/deps/v8/include -I../src/libsass/include  -fPIC -pthread -Wall -Wextra -Wno-unused-parameter -m64 -O3 -fno-omit-frame-pointer -std=gnu++17 -std=c++0x -fexceptions -frtti -MMD -MF ./Release/.deps/Release/obj.target/libsass/src/libsass/src/inspect.o.d.raw   -c
npm ERR!   g++ -o Release/obj.target/libsass/src/libsass/src/json.o ../src/libsass/src/json.cpp '-DNODE_GYP_MODULE_NAME=libsass' '-DUSING_UV_SHARED=1' '-DUSING_V8_SHARED=1' '-DV8_DEPRECATION_WARNINGS=1' '-DV8_DEPRECATION_WARNINGS' '-DV8_IMMINENT_DEPRECATION_WARNINGS' '-D_GLIBCXX_USE_CXX11_ABI=1' '-D_LARGEFILE_SOURCE' '-D_FILE_OFFSET_BITS=64' '-D__STDC_FORMAT_MACROS' '-DOPENSSL_NO_PINSHARED' '-DOPENSSL_THREADS' '-DLIBSASS_VERSION="3.5.5"' -I/home/ubuntu/.cache/node-gyp/21.2.0/include/node -I/home/ubuntu/.cache/node-gyp/21.2.0/src -I/home/ubuntu/.cache/node-gyp/21.2.0/deps/openssl/config -I/home/ubuntu/.cache/node-gyp/21.2.0/deps/openssl/openssl/include -I/home/ubuntu/.cache/node-gyp/21.2.0/deps/uv/include -I/home/ubuntu/.cache/node-gyp/21.2.0/deps/zlib -I/home/ubuntu/.cache/node-gyp/21.2.0/deps/v8/include -I../src/libsass/include  -fPIC -pthread -Wall -Wextra -Wno-unused-parameter -m64 -O3 -fno-omit-frame-pointer -std=gnu++17 -std=c++0x -fexceptions -frtti -MMD -MF ./Release/.deps/Release/obj.target/libsass/src/libsass/src/json.o.d.raw   -c
npm ERR!   g++ -o Release/obj.target/libsass/src/libsass/src/lexer.o ../src/libsass/src/lexer.cpp '-DNODE_GYP_MODULE_NAME=libsass' '-DUSING_UV_SHARED=1' '-DUSING_V8_SHARED=1' '-DV8_DEPRECATION_WARNINGS=1' '-DV8_DEPRECATION_WARNINGS' '-DV8_IMMINENT_DEPRECATION_WARNINGS' '-D_GLIBCXX_USE_CXX11_ABI=1' '-D_LARGEFILE_SOURCE' '-D_FILE_OFFSET_BITS=64' '-D__STDC_FORMAT_MACROS' '-DOPENSSL_NO_PINSHARED' '-DOPENSSL_THREADS' '-DLIBSASS_VERSION="3.5.5"' -I/home/ubuntu/.cache/node-gyp/21.2.0/include/node -I/home/ubuntu/.cache/node-gyp/21.2.0/src -I/home/ubuntu/.cache/node-gyp/21.2.0/deps/openssl/config -I/home/ubuntu/.cache/node-gyp/21.2.0/deps/openssl/openssl/include -I/home/ubuntu/.cache/node-gyp/21.2.0/deps/uv/include -I/home/ubuntu/.cache/node-gyp/21.2.0/deps/zlib -I/home/ubuntu/.cache/node-gyp/21.2.0/deps/v8/include -I../src/libsass/include  -fPIC -pthread -Wall -Wextra -Wno-unused-parameter -m64 -O3 -fno-omit-frame-pointer -std=gnu++17 -std=c++0x -fexceptions -frtti -MMD -MF ./Release/.deps/Release/obj.target/libsass/src/libsass/src/lexer.o.d.raw   -c
npm ERR!   g++ -o Release/obj.target/libsass/src/libsass/src/listize.o ../src/libsass/src/listize.cpp '-DNODE_GYP_MODULE_NAME=libsass' '-DUSING_UV_SHARED=1' '-DUSING_V8_SHARED=1' '-DV8_DEPRECATION_WARNINGS=1' '-DV8_DEPRECATION_WARNINGS' '-DV8_IMMINENT_DEPRECATION_WARNINGS' '-D_GLIBCXX_USE_CXX11_ABI=1' '-D_LARGEFILE_SOURCE' '-D_FILE_OFFSET_BITS=64' '-D__STDC_FORMAT_MACROS' '-DOPENSSL_NO_PINSHARED' '-DOPENSSL_THREADS' '-DLIBSASS_VERSION="3.5.5"' -I/home/ubuntu/.cache/node-gyp/21.2.0/include/node -I/home/ubuntu/.cache/node-gyp/21.2.0/src -I/home/ubuntu/.cache/node-gyp/21.2.0/deps/openssl/config -I/home/ubuntu/.cache/node-gyp/21.2.0/deps/openssl/openssl/include -I/home/ubuntu/.cache/node-gyp/21.2.0/deps/uv/include -I/home/ubuntu/.cache/node-gyp/21.2.0/deps/zlib -I/home/ubuntu/.cache/node-gyp/21.2.0/deps/v8/include -I../src/libsass/include  -fPIC -pthread -Wall -Wextra -Wno-unused-parameter -m64 -O3 -fno-omit-frame-pointer -std=gnu++17 -std=c++0x -fexceptions -frtti -MMD -MF ./Release/.deps/Release/obj.target/libsass/src/libsass/src/listize.o.d.raw   -c
npm ERR!   g++ -o Release/obj.target/libsass/src/libsass/src/memory/SharedPtr.o ../src/libsass/src/memory/SharedPtr.cpp '-DNODE_GYP_MODULE_NAME=libsass' '-DUSING_UV_SHARED=1' '-DUSING_V8_SHARED=1' '-DV8_DEPRECATION_WARNINGS=1' '-DV8_DEPRECATION_WARNINGS' '-DV8_IMMINENT_DEPRECATION_WARNINGS' '-D_GLIBCXX_USE_CXX11_ABI=1' '-D_LARGEFILE_SOURCE' '-D_FILE_OFFSET_BITS=64' '-D__STDC_FORMAT_MACROS' '-DOPENSSL_NO_PINSHARED' '-DOPENSSL_THREADS' '-DLIBSASS_VERSION="3.5.5"' -I/home/ubuntu/.cache/node-gyp/21.2.0/include/node -I/home/ubuntu/.cache/node-gyp/21.2.0/src -I/home/ubuntu/.cache/node-gyp/21.2.0/deps/openssl/config -I/home/ubuntu/.cache/node-gyp/21.2.0/deps/openssl/openssl/include -I/home/ubuntu/.cache/node-gyp/21.2.0/deps/uv/include -I/home/ubuntu/.cache/node-gyp/21.2.0/deps/zlib -I/home/ubuntu/.cache/node-gyp/21.2.0/deps/v8/include -I../src/libsass/include  -fPIC -pthread -Wall -Wextra -Wno-unused-parameter -m64 -O3 -fno-omit-frame-pointer -std=gnu++17 -std=c++0x -fexceptions -frtti -MMD -MF ./Release/.deps/Release/obj.target/libsass/src/libsass/src/memory/SharedPtr.o.d.raw   -c
npm ERR!   g++ -o Release/obj.target/libsass/src/libsass/src/node.o ../src/libsass/src/node.cpp '-DNODE_GYP_MODULE_NAME=libsass' '-DUSING_UV_SHARED=1' '-DUSING_V8_SHARED=1' '-DV8_DEPRECATION_WARNINGS=1' '-DV8_DEPRECATION_WARNINGS' '-DV8_IMMINENT_DEPRECATION_WARNINGS' '-D_GLIBCXX_USE_CXX11_ABI=1' '-D_LARGEFILE_SOURCE' '-D_FILE_OFFSET_BITS=64' '-D__STDC_FORMAT_MACROS' '-DOPENSSL_NO_PINSHARED' '-DOPENSSL_THREADS' '-DLIBSASS_VERSION="3.5.5"' -I/home/ubuntu/.cache/node-gyp/21.2.0/include/node -I/home/ubuntu/.cache/node-gyp/21.2.0/src -I/home/ubuntu/.cache/node-gyp/21.2.0/deps/openssl/config -I/home/ubuntu/.cache/node-gyp/21.2.0/deps/openssl/openssl/include -I/home/ubuntu/.cache/node-gyp/21.2.0/deps/uv/include -I/home/ubuntu/.cache/node-gyp/21.2.0/deps/zlib -I/home/ubuntu/.cache/node-gyp/21.2.0/deps/v8/include -I../src/libsass/include  -fPIC -pthread -Wall -Wextra -Wno-unused-parameter -m64 -O3 -fno-omit-frame-pointer -std=gnu++17 -std=c++0x -fexceptions -frtti -MMD -MF ./Release/.deps/Release/obj.target/libsass/src/libsass/src/node.o.d.raw   -c
npm ERR!   g++ -o Release/obj.target/libsass/src/libsass/src/operators.o ../src/libsass/src/operators.cpp '-DNODE_GYP_MODULE_NAME=libsass' '-DUSING_UV_SHARED=1' '-DUSING_V8_SHARED=1' '-DV8_DEPRECATION_WARNINGS=1' '-DV8_DEPRECATION_WARNINGS' '-DV8_IMMINENT_DEPRECATION_WARNINGS' '-D_GLIBCXX_USE_CXX11_ABI=1' '-D_LARGEFILE_SOURCE' '-D_FILE_OFFSET_BITS=64' '-D__STDC_FORMAT_MACROS' '-DOPENSSL_NO_PINSHARED' '-DOPENSSL_THREADS' '-DLIBSASS_VERSION="3.5.5"' -I/home/ubuntu/.cache/node-gyp/21.2.0/include/node -I/home/ubuntu/.cache/node-gyp/21.2.0/src -I/home/ubuntu/.cache/node-gyp/21.2.0/deps/openssl/config -I/home/ubuntu/.cache/node-gyp/21.2.0/deps/openssl/openssl/include -I/home/ubuntu/.cache/node-gyp/21.2.0/deps/uv/include -I/home/ubuntu/.cache/node-gyp/21.2.0/deps/zlib -I/home/ubuntu/.cache/node-gyp/21.2.0/deps/v8/include -I../src/libsass/include  -fPIC -pthread -Wall -Wextra -Wno-unused-parameter -m64 -O3 -fno-omit-frame-pointer -std=gnu++17 -std=c++0x -fexceptions -frtti -MMD -MF ./Release/.deps/Release/obj.target/libsass/src/libsass/src/operators.o.d.raw   -c
npm ERR!   g++ -o Release/obj.target/libsass/src/libsass/src/output.o ../src/libsass/src/output.cpp '-DNODE_GYP_MODULE_NAME=libsass' '-DUSING_UV_SHARED=1' '-DUSING_V8_SHARED=1' '-DV8_DEPRECATION_WARNINGS=1' '-DV8_DEPRECATION_WARNINGS' '-DV8_IMMINENT_DEPRECATION_WARNINGS' '-D_GLIBCXX_USE_CXX11_ABI=1' '-D_LARGEFILE_SOURCE' '-D_FILE_OFFSET_BITS=64' '-D__STDC_FORMAT_MACROS' '-DOPENSSL_NO_PINSHARED' '-DOPENSSL_THREADS' '-DLIBSASS_VERSION="3.5.5"' -I/home/ubuntu/.cache/node-gyp/21.2.0/include/node -I/home/ubuntu/.cache/node-gyp/21.2.0/src -I/home/ubuntu/.cache/node-gyp/21.2.0/deps/openssl/config -I/home/ubuntu/.cache/node-gyp/21.2.0/deps/openssl/openssl/include -I/home/ubuntu/.cache/node-gyp/21.2.0/deps/uv/include -I/home/ubuntu/.cache/node-gyp/21.2.0/deps/zlib -I/home/ubuntu/.cache/node-gyp/21.2.0/deps/v8/include -I../src/libsass/include  -fPIC -pthread -Wall -Wextra -Wno-unused-parameter -m64 -O3 -fno-omit-frame-pointer -std=gnu++17 -std=c++0x -fexceptions -frtti -MMD -MF ./Release/.deps/Release/obj.target/libsass/src/libsass/src/output.o.d.raw   -c
npm ERR!   g++ -o Release/obj.target/libsass/src/libsass/src/parser.o ../src/libsass/src/parser.cpp '-DNODE_GYP_MODULE_NAME=libsass' '-DUSING_UV_SHARED=1' '-DUSING_V8_SHARED=1' '-DV8_DEPRECATION_WARNINGS=1' '-DV8_DEPRECATION_WARNINGS' '-DV8_IMMINENT_DEPRECATION_WARNINGS' '-D_GLIBCXX_USE_CXX11_ABI=1' '-D_LARGEFILE_SOURCE' '-D_FILE_OFFSET_BITS=64' '-D__STDC_FORMAT_MACROS' '-DOPENSSL_NO_PINSHARED' '-DOPENSSL_THREADS' '-DLIBSASS_VERSION="3.5.5"' -I/home/ubuntu/.cache/node-gyp/21.2.0/include/node -I/home/ubuntu/.cache/node-gyp/21.2.0/src -I/home/ubuntu/.cache/node-gyp/21.2.0/deps/openssl/config -I/home/ubuntu/.cache/node-gyp/21.2.0/deps/openssl/openssl/include -I/home/ubuntu/.cache/node-gyp/21.2.0/deps/uv/include -I/home/ubuntu/.cache/node-gyp/21.2.0/deps/zlib -I/home/ubuntu/.cache/node-gyp/21.2.0/deps/v8/include -I../src/libsass/include  -fPIC -pthread -Wall -Wextra -Wno-unused-parameter -m64 -O3 -fno-omit-frame-pointer -std=gnu++17 -std=c++0x -fexceptions -frtti -MMD -MF ./Release/.deps/Release/obj.target/libsass/src/libsass/src/parser.o.d.raw   -c
npm ERR!   g++ -o Release/obj.target/libsass/src/libsass/src/plugins.o ../src/libsass/src/plugins.cpp '-DNODE_GYP_MODULE_NAME=libsass' '-DUSING_UV_SHARED=1' '-DUSING_V8_SHARED=1' '-DV8_DEPRECATION_WARNINGS=1' '-DV8_DEPRECATION_WARNINGS' '-DV8_IMMINENT_DEPRECATION_WARNINGS' '-D_GLIBCXX_USE_CXX11_ABI=1' '-D_LARGEFILE_SOURCE' '-D_FILE_OFFSET_BITS=64' '-D__STDC_FORMAT_MACROS' '-DOPENSSL_NO_PINSHARED' '-DOPENSSL_THREADS' '-DLIBSASS_VERSION="3.5.5"' -I/home/ubuntu/.cache/node-gyp/21.2.0/include/node -I/home/ubuntu/.cache/node-gyp/21.2.0/src -I/home/ubuntu/.cache/node-gyp/21.2.0/deps/openssl/config -I/home/ubuntu/.cache/node-gyp/21.2.0/deps/openssl/openssl/include -I/home/ubuntu/.cache/node-gyp/21.2.0/deps/uv/include -I/home/ubuntu/.cache/node-gyp/21.2.0/deps/zlib -I/home/ubuntu/.cache/node-gyp/21.2.0/deps/v8/include -I../src/libsass/include  -fPIC -pthread -Wall -Wextra -Wno-unused-parameter -m64 -O3 -fno-omit-frame-pointer -std=gnu++17 -std=c++0x -fexceptions -frtti -MMD -MF ./Release/.deps/Release/obj.target/libsass/src/libsass/src/plugins.o.d.raw   -c
npm ERR!   g++ -o Release/obj.target/libsass/src/libsass/src/position.o ../src/libsass/src/position.cpp '-DNODE_GYP_MODULE_NAME=libsass' '-DUSING_UV_SHARED=1' '-DUSING_V8_SHARED=1' '-DV8_DEPRECATION_WARNINGS=1' '-DV8_DEPRECATION_WARNINGS' '-DV8_IMMINENT_DEPRECATION_WARNINGS' '-D_GLIBCXX_USE_CXX11_ABI=1' '-D_LARGEFILE_SOURCE' '-D_FILE_OFFSET_BITS=64' '-D__STDC_FORMAT_MACROS' '-DOPENSSL_NO_PINSHARED' '-DOPENSSL_THREADS' '-DLIBSASS_VERSION="3.5.5"' -I/home/ubuntu/.cache/node-gyp/21.2.0/include/node -I/home/ubuntu/.cache/node-gyp/21.2.0/src -I/home/ubuntu/.cache/node-gyp/21.2.0/deps/openssl/config -I/home/ubuntu/.cache/node-gyp/21.2.0/deps/openssl/openssl/include -I/home/ubuntu/.cache/node-gyp/21.2.0/deps/uv/include -I/home/ubuntu/.cache/node-gyp/21.2.0/deps/zlib -I/home/ubuntu/.cache/node-gyp/21.2.0/deps/v8/include -I../src/libsass/include  -fPIC -pthread -Wall -Wextra -Wno-unused-parameter -m64 -O3 -fno-omit-frame-pointer -std=gnu++17 -std=c++0x -fexceptions -frtti -MMD -MF ./Release/.deps/Release/obj.target/libsass/src/libsass/src/position.o.d.raw   -c
npm ERR!   g++ -o Release/obj.target/libsass/src/libsass/src/prelexer.o ../src/libsass/src/prelexer.cpp '-DNODE_GYP_MODULE_NAME=libsass' '-DUSING_UV_SHARED=1' '-DUSING_V8_SHARED=1' '-DV8_DEPRECATION_WARNINGS=1' '-DV8_DEPRECATION_WARNINGS' '-DV8_IMMINENT_DEPRECATION_WARNINGS' '-D_GLIBCXX_USE_CXX11_ABI=1' '-D_LARGEFILE_SOURCE' '-D_FILE_OFFSET_BITS=64' '-D__STDC_FORMAT_MACROS' '-DOPENSSL_NO_PINSHARED' '-DOPENSSL_THREADS' '-DLIBSASS_VERSION="3.5.5"' -I/home/ubuntu/.cache/node-gyp/21.2.0/include/node -I/home/ubuntu/.cache/node-gyp/21.2.0/src -I/home/ubuntu/.cache/node-gyp/21.2.0/deps/openssl/config -I/home/ubuntu/.cache/node-gyp/21.2.0/deps/openssl/openssl/include -I/home/ubuntu/.cache/node-gyp/21.2.0/deps/uv/include -I/home/ubuntu/.cache/node-gyp/21.2.0/deps/zlib -I/home/ubuntu/.cache/node-gyp/21.2.0/deps/v8/include -I../src/libsass/include  -fPIC -pthread -Wall -Wextra -Wno-unused-parameter -m64 -O3 -fno-omit-frame-pointer -std=gnu++17 -std=c++0x -fexceptions -frtti -MMD -MF ./Release/.deps/Release/obj.target/libsass/src/libsass/src/prelexer.o.d.raw   -c
npm ERR!   g++ -o Release/obj.target/libsass/src/libsass/src/remove_placeholders.o ../src/libsass/src/remove_placeholders.cpp '-DNODE_GYP_MODULE_NAME=libsass' '-DUSING_UV_SHARED=1' '-DUSING_V8_SHARED=1' '-DV8_DEPRECATION_WARNINGS=1' '-DV8_DEPRECATION_WARNINGS' '-DV8_IMMINENT_DEPRECATION_WARNINGS' '-D_GLIBCXX_USE_CXX11_ABI=1' '-D_LARGEFILE_SOURCE' '-D_FILE_OFFSET_BITS=64' '-D__STDC_FORMAT_MACROS' '-DOPENSSL_NO_PINSHARED' '-DOPENSSL_THREADS' '-DLIBSASS_VERSION="3.5.5"' -I/home/ubuntu/.cache/node-gyp/21.2.0/include/node -I/home/ubuntu/.cache/node-gyp/21.2.0/src -I/home/ubuntu/.cache/node-gyp/21.2.0/deps/openssl/config -I/home/ubuntu/.cache/node-gyp/21.2.0/deps/openssl/openssl/include -I/home/ubuntu/.cache/node-gyp/21.2.0/deps/uv/include -I/home/ubuntu/.cache/node-gyp/21.2.0/deps/zlib -I/home/ubuntu/.cache/node-gyp/21.2.0/deps/v8/include -I../src/libsass/include  -fPIC -pthread -Wall -Wextra -Wno-unused-parameter -m64 -O3 -fno-omit-frame-pointer -std=gnu++17 -std=c++0x -fexceptions -frtti -MMD -MF ./Release/.deps/Release/obj.target/libsass/src/libsass/src/remove_placeholders.o.d.raw   -c
npm ERR!   g++ -o Release/obj.target/libsass/src/libsass/src/sass.o ../src/libsass/src/sass.cpp '-DNODE_GYP_MODULE_NAME=libsass' '-DUSING_UV_SHARED=1' '-DUSING_V8_SHARED=1' '-DV8_DEPRECATION_WARNINGS=1' '-DV8_DEPRECATION_WARNINGS' '-DV8_IMMINENT_DEPRECATION_WARNINGS' '-D_GLIBCXX_USE_CXX11_ABI=1' '-D_LARGEFILE_SOURCE' '-D_FILE_OFFSET_BITS=64' '-D__STDC_FORMAT_MACROS' '-DOPENSSL_NO_PINSHARED' '-DOPENSSL_THREADS' '-DLIBSASS_VERSION="3.5.5"' -I/home/ubuntu/.cache/node-gyp/21.2.0/include/node -I/home/ubuntu/.cache/node-gyp/21.2.0/src -I/home/ubuntu/.cache/node-gyp/21.2.0/deps/openssl/config -I/home/ubuntu/.cache/node-gyp/21.2.0/deps/openssl/openssl/include -I/home/ubuntu/.cache/node-gyp/21.2.0/deps/uv/include -I/home/ubuntu/.cache/node-gyp/21.2.0/deps/zlib -I/home/ubuntu/.cache/node-gyp/21.2.0/deps/v8/include -I../src/libsass/include  -fPIC -pthread -Wall -Wextra -Wno-unused-parameter -m64 -O3 -fno-omit-frame-pointer -std=gnu++17 -std=c++0x -fexceptions -frtti -MMD -MF ./Release/.deps/Release/obj.target/libsass/src/libsass/src/sass.o.d.raw   -c
npm ERR!   g++ -o Release/obj.target/libsass/src/libsass/src/sass2scss.o ../src/libsass/src/sass2scss.cpp '-DNODE_GYP_MODULE_NAME=libsass' '-DUSING_UV_SHARED=1' '-DUSING_V8_SHARED=1' '-DV8_DEPRECATION_WARNINGS=1' '-DV8_DEPRECATION_WARNINGS' '-DV8_IMMINENT_DEPRECATION_WARNINGS' '-D_GLIBCXX_USE_CXX11_ABI=1' '-D_LARGEFILE_SOURCE' '-D_FILE_OFFSET_BITS=64' '-D__STDC_FORMAT_MACROS' '-DOPENSSL_NO_PINSHARED' '-DOPENSSL_THREADS' '-DLIBSASS_VERSION="3.5.5"' -I/home/ubuntu/.cache/node-gyp/21.2.0/include/node -I/home/ubuntu/.cache/node-gyp/21.2.0/src -I/home/ubuntu/.cache/node-gyp/21.2.0/deps/openssl/config -I/home/ubuntu/.cache/node-gyp/21.2.0/deps/openssl/openssl/include -I/home/ubuntu/.cache/node-gyp/21.2.0/deps/uv/include -I/home/ubuntu/.cache/node-gyp/21.2.0/deps/zlib -I/home/ubuntu/.cache/node-gyp/21.2.0/deps/v8/include -I../src/libsass/include  -fPIC -pthread -Wall -Wextra -Wno-unused-parameter -m64 -O3 -fno-omit-frame-pointer -std=gnu++17 -std=c++0x -fexceptions -frtti -MMD -MF ./Release/.deps/Release/obj.target/libsass/src/libsass/src/sass2scss.o.d.raw   -c
npm ERR!   g++ -o Release/obj.target/libsass/src/libsass/src/sass_context.o ../src/libsass/src/sass_context.cpp '-DNODE_GYP_MODULE_NAME=libsass' '-DUSING_UV_SHARED=1' '-DUSING_V8_SHARED=1' '-DV8_DEPRECATION_WARNINGS=1' '-DV8_DEPRECATION_WARNINGS' '-DV8_IMMINENT_DEPRECATION_WARNINGS' '-D_GLIBCXX_USE_CXX11_ABI=1' '-D_LARGEFILE_SOURCE' '-D_FILE_OFFSET_BITS=64' '-D__STDC_FORMAT_MACROS' '-DOPENSSL_NO_PINSHARED' '-DOPENSSL_THREADS' '-DLIBSASS_VERSION="3.5.5"' -I/home/ubuntu/.cache/node-gyp/21.2.0/include/node -I/home/ubuntu/.cache/node-gyp/21.2.0/src -I/home/ubuntu/.cache/node-gyp/21.2.0/deps/openssl/config -I/home/ubuntu/.cache/node-gyp/21.2.0/deps/openssl/openssl/include -I/home/ubuntu/.cache/node-gyp/21.2.0/deps/uv/include -I/home/ubuntu/.cache/node-gyp/21.2.0/deps/zlib -I/home/ubuntu/.cache/node-gyp/21.2.0/deps/v8/include -I../src/libsass/include  -fPIC -pthread -Wall -Wextra -Wno-unused-parameter -m64 -O3 -fno-omit-frame-pointer -std=gnu++17 -std=c++0x -fexceptions -frtti -MMD -MF ./Release/.deps/Release/obj.target/libsass/src/libsass/src/sass_context.o.d.raw   -c
npm ERR!   g++ -o Release/obj.target/libsass/src/libsass/src/sass_functions.o ../src/libsass/src/sass_functions.cpp '-DNODE_GYP_MODULE_NAME=libsass' '-DUSING_UV_SHARED=1' '-DUSING_V8_SHARED=1' '-DV8_DEPRECATION_WARNINGS=1' '-DV8_DEPRECATION_WARNINGS' '-DV8_IMMINENT_DEPRECATION_WARNINGS' '-D_GLIBCXX_USE_CXX11_ABI=1' '-D_LARGEFILE_SOURCE' '-D_FILE_OFFSET_BITS=64' '-D__STDC_FORMAT_MACROS' '-DOPENSSL_NO_PINSHARED' '-DOPENSSL_THREADS' '-DLIBSASS_VERSION="3.5.5"' -I/home/ubuntu/.cache/node-gyp/21.2.0/include/node -I/home/ubuntu/.cache/node-gyp/21.2.0/src -I/home/ubuntu/.cache/node-gyp/21.2.0/deps/openssl/config -I/home/ubuntu/.cache/node-gyp/21.2.0/deps/openssl/openssl/include -I/home/ubuntu/.cache/node-gyp/21.2.0/deps/uv/include -I/home/ubuntu/.cache/node-gyp/21.2.0/deps/zlib -I/home/ubuntu/.cache/node-gyp/21.2.0/deps/v8/include -I../src/libsass/include  -fPIC -pthread -Wall -Wextra -Wno-unused-parameter -m64 -O3 -fno-omit-frame-pointer -std=gnu++17 -std=c++0x -fexceptions -frtti -MMD -MF ./Release/.deps/Release/obj.target/libsass/src/libsass/src/sass_functions.o.d.raw   -c
npm ERR!   g++ -o Release/obj.target/libsass/src/libsass/src/sass_util.o ../src/libsass/src/sass_util.cpp '-DNODE_GYP_MODULE_NAME=libsass' '-DUSING_UV_SHARED=1' '-DUSING_V8_SHARED=1' '-DV8_DEPRECATION_WARNINGS=1' '-DV8_DEPRECATION_WARNINGS' '-DV8_IMMINENT_DEPRECATION_WARNINGS' '-D_GLIBCXX_USE_CXX11_ABI=1' '-D_LARGEFILE_SOURCE' '-D_FILE_OFFSET_BITS=64' '-D__STDC_FORMAT_MACROS' '-DOPENSSL_NO_PINSHARED' '-DOPENSSL_THREADS' '-DLIBSASS_VERSION="3.5.5"' -I/home/ubuntu/.cache/node-gyp/21.2.0/include/node -I/home/ubuntu/.cache/node-gyp/21.2.0/src -I/home/ubuntu/.cache/node-gyp/21.2.0/deps/openssl/config -I/home/ubuntu/.cache/node-gyp/21.2.0/deps/openssl/openssl/include -I/home/ubuntu/.cache/node-gyp/21.2.0/deps/uv/include -I/home/ubuntu/.cache/node-gyp/21.2.0/deps/zlib -I/home/ubuntu/.cache/node-gyp/21.2.0/deps/v8/include -I../src/libsass/include  -fPIC -pthread -Wall -Wextra -Wno-unused-parameter -m64 -O3 -fno-omit-frame-pointer -std=gnu++17 -std=c++0x -fexceptions -frtti -MMD -MF ./Release/.deps/Release/obj.target/libsass/src/libsass/src/sass_util.o.d.raw   -c
npm ERR!   g++ -o Release/obj.target/libsass/src/libsass/src/sass_values.o ../src/libsass/src/sass_values.cpp '-DNODE_GYP_MODULE_NAME=libsass' '-DUSING_UV_SHARED=1' '-DUSING_V8_SHARED=1' '-DV8_DEPRECATION_WARNINGS=1' '-DV8_DEPRECATION_WARNINGS' '-DV8_IMMINENT_DEPRECATION_WARNINGS' '-D_GLIBCXX_USE_CXX11_ABI=1' '-D_LARGEFILE_SOURCE' '-D_FILE_OFFSET_BITS=64' '-D__STDC_FORMAT_MACROS' '-DOPENSSL_NO_PINSHARED' '-DOPENSSL_THREADS' '-DLIBSASS_VERSION="3.5.5"' -I/home/ubuntu/.cache/node-gyp/21.2.0/include/node -I/home/ubuntu/.cache/node-gyp/21.2.0/src -I/home/ubuntu/.cache/node-gyp/21.2.0/deps/openssl/config -I/home/ubuntu/.cache/node-gyp/21.2.0/deps/openssl/openssl/include -I/home/ubuntu/.cache/node-gyp/21.2.0/deps/uv/include -I/home/ubuntu/.cache/node-gyp/21.2.0/deps/zlib -I/home/ubuntu/.cache/node-gyp/21.2.0/deps/v8/include -I../src/libsass/include  -fPIC -pthread -Wall -Wextra -Wno-unused-parameter -m64 -O3 -fno-omit-frame-pointer -std=gnu++17 -std=c++0x -fexceptions -frtti -MMD -MF ./Release/.deps/Release/obj.target/libsass/src/libsass/src/sass_values.o.d.raw   -c
npm ERR!   g++ -o Release/obj.target/libsass/src/libsass/src/source_map.o ../src/libsass/src/source_map.cpp '-DNODE_GYP_MODULE_NAME=libsass' '-DUSING_UV_SHARED=1' '-DUSING_V8_SHARED=1' '-DV8_DEPRECATION_WARNINGS=1' '-DV8_DEPRECATION_WARNINGS' '-DV8_IMMINENT_DEPRECATION_WARNINGS' '-D_GLIBCXX_USE_CXX11_ABI=1' '-D_LARGEFILE_SOURCE' '-D_FILE_OFFSET_BITS=64' '-D__STDC_FORMAT_MACROS' '-DOPENSSL_NO_PINSHARED' '-DOPENSSL_THREADS' '-DLIBSASS_VERSION="3.5.5"' -I/home/ubuntu/.cache/node-gyp/21.2.0/include/node -I/home/ubuntu/.cache/node-gyp/21.2.0/src -I/home/ubuntu/.cache/node-gyp/21.2.0/deps/openssl/config -I/home/ubuntu/.cache/node-gyp/21.2.0/deps/openssl/openssl/include -I/home/ubuntu/.cache/node-gyp/21.2.0/deps/uv/include -I/home/ubuntu/.cache/node-gyp/21.2.0/deps/zlib -I/home/ubuntu/.cache/node-gyp/21.2.0/deps/v8/include -I../src/libsass/include  -fPIC -pthread -Wall -Wextra -Wno-unused-parameter -m64 -O3 -fno-omit-frame-pointer -std=gnu++17 -std=c++0x -fexceptions -frtti -MMD -MF ./Release/.deps/Release/obj.target/libsass/src/libsass/src/source_map.o.d.raw   -c
npm ERR!   g++ -o Release/obj.target/libsass/src/libsass/src/subset_map.o ../src/libsass/src/subset_map.cpp '-DNODE_GYP_MODULE_NAME=libsass' '-DUSING_UV_SHARED=1' '-DUSING_V8_SHARED=1' '-DV8_DEPRECATION_WARNINGS=1' '-DV8_DEPRECATION_WARNINGS' '-DV8_IMMINENT_DEPRECATION_WARNINGS' '-D_GLIBCXX_USE_CXX11_ABI=1' '-D_LARGEFILE_SOURCE' '-D_FILE_OFFSET_BITS=64' '-D__STDC_FORMAT_MACROS' '-DOPENSSL_NO_PINSHARED' '-DOPENSSL_THREADS' '-DLIBSASS_VERSION="3.5.5"' -I/home/ubuntu/.cache/node-gyp/21.2.0/include/node -I/home/ubuntu/.cache/node-gyp/21.2.0/src -I/home/ubuntu/.cache/node-gyp/21.2.0/deps/openssl/config -I/home/ubuntu/.cache/node-gyp/21.2.0/deps/openssl/openssl/include -I/home/ubuntu/.cache/node-gyp/21.2.0/deps/uv/include -I/home/ubuntu/.cache/node-gyp/21.2.0/deps/zlib -I/home/ubuntu/.cache/node-gyp/21.2.0/deps/v8/include -I../src/libsass/include  -fPIC -pthread -Wall -Wextra -Wno-unused-parameter -m64 -O3 -fno-omit-frame-pointer -std=gnu++17 -std=c++0x -fexceptions -frtti -MMD -MF ./Release/.deps/Release/obj.target/libsass/src/libsass/src/subset_map.o.d.raw   -c
npm ERR!   g++ -o Release/obj.target/libsass/src/libsass/src/to_c.o ../src/libsass/src/to_c.cpp '-DNODE_GYP_MODULE_NAME=libsass' '-DUSING_UV_SHARED=1' '-DUSING_V8_SHARED=1' '-DV8_DEPRECATION_WARNINGS=1' '-DV8_DEPRECATION_WARNINGS' '-DV8_IMMINENT_DEPRECATION_WARNINGS' '-D_GLIBCXX_USE_CXX11_ABI=1' '-D_LARGEFILE_SOURCE' '-D_FILE_OFFSET_BITS=64' '-D__STDC_FORMAT_MACROS' '-DOPENSSL_NO_PINSHARED' '-DOPENSSL_THREADS' '-DLIBSASS_VERSION="3.5.5"' -I/home/ubuntu/.cache/node-gyp/21.2.0/include/node -I/home/ubuntu/.cache/node-gyp/21.2.0/src -I/home/ubuntu/.cache/node-gyp/21.2.0/deps/openssl/config -I/home/ubuntu/.cache/node-gyp/21.2.0/deps/openssl/openssl/include -I/home/ubuntu/.cache/node-gyp/21.2.0/deps/uv/include -I/home/ubuntu/.cache/node-gyp/21.2.0/deps/zlib -I/home/ubuntu/.cache/node-gyp/21.2.0/deps/v8/include -I../src/libsass/include  -fPIC -pthread -Wall -Wextra -Wno-unused-parameter -m64 -O3 -fno-omit-frame-pointer -std=gnu++17 -std=c++0x -fexceptions -frtti -MMD -MF ./Release/.deps/Release/obj.target/libsass/src/libsass/src/to_c.o.d.raw   -c
npm ERR!   g++ -o Release/obj.target/libsass/src/libsass/src/to_value.o ../src/libsass/src/to_value.cpp '-DNODE_GYP_MODULE_NAME=libsass' '-DUSING_UV_SHARED=1' '-DUSING_V8_SHARED=1' '-DV8_DEPRECATION_WARNINGS=1' '-DV8_DEPRECATION_WARNINGS' '-DV8_IMMINENT_DEPRECATION_WARNINGS' '-D_GLIBCXX_USE_CXX11_ABI=1' '-D_LARGEFILE_SOURCE' '-D_FILE_OFFSET_BITS=64' '-D__STDC_FORMAT_MACROS' '-DOPENSSL_NO_PINSHARED' '-DOPENSSL_THREADS' '-DLIBSASS_VERSION="3.5.5"' -I/home/ubuntu/.cache/node-gyp/21.2.0/include/node -I/home/ubuntu/.cache/node-gyp/21.2.0/src -I/home/ubuntu/.cache/node-gyp/21.2.0/deps/openssl/config -I/home/ubuntu/.cache/node-gyp/21.2.0/deps/openssl/openssl/include -I/home/ubuntu/.cache/node-gyp/21.2.0/deps/uv/include -I/home/ubuntu/.cache/node-gyp/21.2.0/deps/zlib -I/home/ubuntu/.cache/node-gyp/21.2.0/deps/v8/include -I../src/libsass/include  -fPIC -pthread -Wall -Wextra -Wno-unused-parameter -m64 -O3 -fno-omit-frame-pointer -std=gnu++17 -std=c++0x -fexceptions -frtti -MMD -MF ./Release/.deps/Release/obj.target/libsass/src/libsass/src/to_value.o.d.raw   -c
npm ERR!   g++ -o Release/obj.target/libsass/src/libsass/src/units.o ../src/libsass/src/units.cpp '-DNODE_GYP_MODULE_NAME=libsass' '-DUSING_UV_SHARED=1' '-DUSING_V8_SHARED=1' '-DV8_DEPRECATION_WARNINGS=1' '-DV8_DEPRECATION_WARNINGS' '-DV8_IMMINENT_DEPRECATION_WARNINGS' '-D_GLIBCXX_USE_CXX11_ABI=1' '-D_LARGEFILE_SOURCE' '-D_FILE_OFFSET_BITS=64' '-D__STDC_FORMAT_MACROS' '-DOPENSSL_NO_PINSHARED' '-DOPENSSL_THREADS' '-DLIBSASS_VERSION="3.5.5"' -I/home/ubuntu/.cache/node-gyp/21.2.0/include/node -I/home/ubuntu/.cache/node-gyp/21.2.0/src -I/home/ubuntu/.cache/node-gyp/21.2.0/deps/openssl/config -I/home/ubuntu/.cache/node-gyp/21.2.0/deps/openssl/openssl/include -I/home/ubuntu/.cache/node-gyp/21.2.0/deps/uv/include -I/home/ubuntu/.cache/node-gyp/21.2.0/deps/zlib -I/home/ubuntu/.cache/node-gyp/21.2.0/deps/v8/include -I../src/libsass/include  -fPIC -pthread -Wall -Wextra -Wno-unused-parameter -m64 -O3 -fno-omit-frame-pointer -std=gnu++17 -std=c++0x -fexceptions -frtti -MMD -MF ./Release/.deps/Release/obj.target/libsass/src/libsass/src/units.o.d.raw   -c
npm ERR!   g++ -o Release/obj.target/libsass/src/libsass/src/utf8_string.o ../src/libsass/src/utf8_string.cpp '-DNODE_GYP_MODULE_NAME=libsass' '-DUSING_UV_SHARED=1' '-DUSING_V8_SHARED=1' '-DV8_DEPRECATION_WARNINGS=1' '-DV8_DEPRECATION_WARNINGS' '-DV8_IMMINENT_DEPRECATION_WARNINGS' '-D_GLIBCXX_USE_CXX11_ABI=1' '-D_LARGEFILE_SOURCE' '-D_FILE_OFFSET_BITS=64' '-D__STDC_FORMAT_MACROS' '-DOPENSSL_NO_PINSHARED' '-DOPENSSL_THREADS' '-DLIBSASS_VERSION="3.5.5"' -I/home/ubuntu/.cache/node-gyp/21.2.0/include/node -I/home/ubuntu/.cache/node-gyp/21.2.0/src -I/home/ubuntu/.cache/node-gyp/21.2.0/deps/openssl/config -I/home/ubuntu/.cache/node-gyp/21.2.0/deps/openssl/openssl/include -I/home/ubuntu/.cache/node-gyp/21.2.0/deps/uv/include -I/home/ubuntu/.cache/node-gyp/21.2.0/deps/zlib -I/home/ubuntu/.cache/node-gyp/21.2.0/deps/v8/include -I../src/libsass/include  -fPIC -pthread -Wall -Wextra -Wno-unused-parameter -m64 -O3 -fno-omit-frame-pointer -std=gnu++17 -std=c++0x -fexceptions -frtti -MMD -MF ./Release/.deps/Release/obj.target/libsass/src/libsass/src/utf8_string.o.d.raw   -c
npm ERR!   g++ -o Release/obj.target/libsass/src/libsass/src/util.o ../src/libsass/src/util.cpp '-DNODE_GYP_MODULE_NAME=libsass' '-DUSING_UV_SHARED=1' '-DUSING_V8_SHARED=1' '-DV8_DEPRECATION_WARNINGS=1' '-DV8_DEPRECATION_WARNINGS' '-DV8_IMMINENT_DEPRECATION_WARNINGS' '-D_GLIBCXX_USE_CXX11_ABI=1' '-D_LARGEFILE_SOURCE' '-D_FILE_OFFSET_BITS=64' '-D__STDC_FORMAT_MACROS' '-DOPENSSL_NO_PINSHARED' '-DOPENSSL_THREADS' '-DLIBSASS_VERSION="3.5.5"' -I/home/ubuntu/.cache/node-gyp/21.2.0/include/node -I/home/ubuntu/.cache/node-gyp/21.2.0/src -I/home/ubuntu/.cache/node-gyp/21.2.0/deps/openssl/config -I/home/ubuntu/.cache/node-gyp/21.2.0/deps/openssl/openssl/include -I/home/ubuntu/.cache/node-gyp/21.2.0/deps/uv/include -I/home/ubuntu/.cache/node-gyp/21.2.0/deps/zlib -I/home/ubuntu/.cache/node-gyp/21.2.0/deps/v8/include -I../src/libsass/include  -fPIC -pthread -Wall -Wextra -Wno-unused-parameter -m64 -O3 -fno-omit-frame-pointer -std=gnu++17 -std=c++0x -fexceptions -frtti -MMD -MF ./Release/.deps/Release/obj.target/libsass/src/libsass/src/util.o.d.raw   -c
npm ERR!   g++ -o Release/obj.target/libsass/src/libsass/src/values.o ../src/libsass/src/values.cpp '-DNODE_GYP_MODULE_NAME=libsass' '-DUSING_UV_SHARED=1' '-DUSING_V8_SHARED=1' '-DV8_DEPRECATION_WARNINGS=1' '-DV8_DEPRECATION_WARNINGS' '-DV8_IMMINENT_DEPRECATION_WARNINGS' '-D_GLIBCXX_USE_CXX11_ABI=1' '-D_LARGEFILE_SOURCE' '-D_FILE_OFFSET_BITS=64' '-D__STDC_FORMAT_MACROS' '-DOPENSSL_NO_PINSHARED' '-DOPENSSL_THREADS' '-DLIBSASS_VERSION="3.5.5"' -I/home/ubuntu/.cache/node-gyp/21.2.0/include/node -I/home/ubuntu/.cache/node-gyp/21.2.0/src -I/home/ubuntu/.cache/node-gyp/21.2.0/deps/openssl/config -I/home/ubuntu/.cache/node-gyp/21.2.0/deps/openssl/openssl/include -I/home/ubuntu/.cache/node-gyp/21.2.0/deps/uv/include -I/home/ubuntu/.cache/node-gyp/21.2.0/deps/zlib -I/home/ubuntu/.cache/node-gyp/21.2.0/deps/v8/include -I../src/libsass/include  -fPIC -pthread -Wall -Wextra -Wno-unused-parameter -m64 -O3 -fno-omit-frame-pointer -std=gnu++17 -std=c++0x -fexceptions -frtti -MMD -MF ./Release/.deps/Release/obj.target/libsass/src/libsass/src/values.o.d.raw   -c
npm ERR!   rm -f Release/obj.target/src/sass.a && ar crs Release/obj.target/src/sass.a Release/obj.target/libsass/src/libsass/src/ast.o Release/obj.target/libsass/src/libsass/src/ast_fwd_decl.o Release/obj.target/libsass/src/libsass/src/backtrace.o Release/obj.target/libsass/src/libsass/src/base64vlq.o Release/obj.target/libsass/src/libsass/src/bind.o Release/obj.target/libsass/src/libsass/src/cencode.o Release/obj.target/libsass/src/libsass/src/check_nesting.o Release/obj.target/libsass/src/libsass/src/color_maps.o Release/obj.target/libsass/src/libsass/src/constants.o Release/obj.target/libsass/src/libsass/src/context.o Release/obj.target/libsass/src/libsass/src/cssize.o Release/obj.target/libsass/src/libsass/src/emitter.o Release/obj.target/libsass/src/libsass/src/environment.o Release/obj.target/libsass/src/libsass/src/error_handling.o Release/obj.target/libsass/src/libsass/src/eval.o Release/obj.target/libsass/src/libsass/src/expand.o Release/obj.target/libsass/src/libsass/src/extend.o Release/obj.target/libsass/src/libsass/src/file.o Release/obj.target/libsass/src/libsass/src/functions.o Release/obj.target/libsass/src/libsass/src/inspect.o Release/obj.target/libsass/src/libsass/src/json.o Release/obj.target/libsass/src/libsass/src/lexer.o Release/obj.target/libsass/src/libsass/src/listize.o Release/obj.target/libsass/src/libsass/src/memory/SharedPtr.o Release/obj.target/libsass/src/libsass/src/node.o Release/obj.target/libsass/src/libsass/src/operators.o Release/obj.target/libsass/src/libsass/src/output.o Release/obj.target/libsass/src/libsass/src/parser.o Release/obj.target/libsass/src/libsass/src/plugins.o Release/obj.target/libsass/src/libsass/src/position.o Release/obj.target/libsass/src/libsass/src/prelexer.o Release/obj.target/libsass/src/libsass/src/remove_placeholders.o Release/obj.target/libsass/src/libsass/src/sass.o Release/obj.target/libsass/src/libsass/src/sass2scss.o Release/obj.target/libsass/src/libsass/src/sass_context.o Release/obj.target/libsass/src/libsass/src/sass_functions.o Release/obj.target/libsass/src/libsass/src/sass_util.o Release/obj.target/libsass/src/libsass/src/sass_values.o Release/obj.target/libsass/src/libsass/src/source_map.o Release/obj.target/libsass/src/libsass/src/subset_map.o Release/obj.target/libsass/src/libsass/src/to_c.o Release/obj.target/libsass/src/libsass/src/to_value.o Release/obj.target/libsass/src/libsass/src/units.o Release/obj.target/libsass/src/libsass/src/utf8_string.o Release/obj.target/libsass/src/libsass/src/util.o Release/obj.target/libsass/src/libsass/src/values.o
npm ERR!   ln -f "Release/obj.target/src/sass.a" "Release/sass.a" 2>/dev/null || (rm -rf "Release/sass.a" && cp -af "Release/obj.target/src/sass.a" "Release/sass.a")
npm ERR!   g++ -o Release/obj.target/binding/src/binding.o ../src/binding.cpp '-DNODE_GYP_MODULE_NAME=binding' '-DUSING_UV_SHARED=1' '-DUSING_V8_SHARED=1' '-DV8_DEPRECATION_WARNINGS=1' '-DV8_DEPRECATION_WARNINGS' '-DV8_IMMINENT_DEPRECATION_WARNINGS' '-D_GLIBCXX_USE_CXX11_ABI=1' '-D_LARGEFILE_SOURCE' '-D_FILE_OFFSET_BITS=64' '-D__STDC_FORMAT_MACROS' '-DOPENSSL_NO_PINSHARED' '-DOPENSSL_THREADS' '-DBUILDING_NODE_EXTENSION' -I/home/ubuntu/.cache/node-gyp/21.2.0/include/node -I/home/ubuntu/.cache/node-gyp/21.2.0/src -I/home/ubuntu/.cache/node-gyp/21.2.0/deps/openssl/config -I/home/ubuntu/.cache/node-gyp/21.2.0/deps/openssl/openssl/include -I/home/ubuntu/.cache/node-gyp/21.2.0/deps/uv/include -I/home/ubuntu/.cache/node-gyp/21.2.0/deps/zlib -I/home/ubuntu/.cache/node-gyp/21.2.0/deps/v8/include -I../../nan -I../src/libsass/include  -fPIC -pthread -Wall -Wextra -Wno-unused-parameter -m64 -O3 -fno-omit-frame-pointer -fno-rtti -fno-exceptions -std=gnu++17 -MMD -MF ./Release/.deps/Release/obj.target/binding/src/binding.o.d.raw   -c
npm ERR! make: Leaving directory '/home/ubuntu/quiz-network-server/react/node_modules/node-sass/build'
npm ERR! gyp info it worked if it ends with ok
npm ERR! gyp verb cli [
npm ERR! gyp verb cli   '/home/ubuntu/.nvm/versions/node/v21.2.0/bin/node',
npm ERR! gyp verb cli   '/home/ubuntu/quiz-network-server/react/node_modules/node-gyp/bin/node-gyp.js',
npm ERR! gyp verb cli   'rebuild',
npm ERR! gyp verb cli   '--verbose',
npm ERR! gyp verb cli   '--libsass_ext=',
npm ERR! gyp verb cli   '--libsass_cflags=',
npm ERR! gyp verb cli   '--libsass_ldflags=',
npm ERR! gyp verb cli   '--libsass_library='
npm ERR! gyp verb cli ]
npm ERR! gyp info using node-gyp@8.4.1
npm ERR! gyp info using node@21.2.0 | linux | x64
npm ERR! gyp verb command rebuild []
npm ERR! gyp verb command clean []
npm ERR! gyp verb clean removing "build" directory
npm ERR! gyp verb command configure []
npm ERR! gyp verb find Python Python is not set from command line or npm configuration
npm ERR! gyp verb find Python Python is not set from environment variable PYTHON
npm ERR! gyp verb find Python checking if "python3" can be used
npm ERR! gyp verb find Python - executing "python3" to get executable path
npm ERR! gyp verb find Python - executable path is "/usr/bin/python3"
npm ERR! gyp verb find Python - executing "/usr/bin/python3" to get version
npm ERR! gyp verb find Python - version is "3.10.12"
npm ERR! gyp info find Python using Python version 3.10.12 found at "/usr/bin/python3"
npm ERR! gyp verb get node dir no --target version specified, falling back to host node version: 21.2.0
npm ERR! gyp verb command install [ '21.2.0' ]
npm ERR! gyp verb install input version string "21.2.0"
npm ERR! gyp verb install installing version: 21.2.0
npm ERR! gyp verb install --ensure was passed, so won't reinstall if already installed
npm ERR! gyp verb install version is already installed, need to check "installVersion"
npm ERR! gyp verb got "installVersion" 9
npm ERR! gyp verb needs "installVersion" 9
npm ERR! gyp verb install version is good
npm ERR! gyp verb get node dir target node version installed: 21.2.0
npm ERR! gyp verb build dir attempting to create "build" dir: /home/ubuntu/quiz-network-server/react/node_modules/node-sass/build
npm ERR! gyp verb build dir "build" dir needed to be created? Yes
npm ERR! gyp verb build/config.gypi creating config file
npm ERR! gyp verb build/config.gypi writing out config file: /home/ubuntu/quiz-network-server/react/node_modules/node-sass/build/config.gypi
npm ERR! gyp verb config.gypi checking for gypi file: /home/ubuntu/quiz-network-server/react/node_modules/node-sass/config.gypi
npm ERR! gyp verb common.gypi checking for gypi file: /home/ubuntu/quiz-network-server/react/node_modules/node-sass/common.gypi
npm ERR! gyp verb gyp gyp format was not specified; forcing "make"
npm ERR! gyp info spawn /usr/bin/python3
npm ERR! gyp info spawn args [
npm ERR! gyp info spawn args   '/home/ubuntu/quiz-network-server/react/node_modules/node-gyp/gyp/gyp_main.py',
npm ERR! gyp info spawn args   'binding.gyp',
npm ERR! gyp info spawn args   '-f',
npm ERR! gyp info spawn args   'make',
npm ERR! gyp info spawn args   '-I',
npm ERR! gyp info spawn args   '/home/ubuntu/quiz-network-server/react/node_modules/node-sass/build/config.gypi',
npm ERR! gyp info spawn args   '-I',
npm ERR! gyp info spawn args   '/home/ubuntu/quiz-network-server/react/node_modules/node-gyp/addon.gypi',
npm ERR! gyp info spawn args   '-I',
npm ERR! gyp info spawn args   '/home/ubuntu/.cache/node-gyp/21.2.0/include/node/common.gypi',
npm ERR! gyp info spawn args   '-Dlibrary=shared_library',
npm ERR! gyp info spawn args   '-Dvisibility=default',
npm ERR! gyp info spawn args   '-Dnode_root_dir=/home/ubuntu/.cache/node-gyp/21.2.0',
npm ERR! gyp info spawn args   '-Dnode_gyp_dir=/home/ubuntu/quiz-network-server/react/node_modules/node-gyp',
npm ERR! gyp info spawn args   '-Dnode_lib_file=/home/ubuntu/.cache/node-gyp/21.2.0/<(target_arch)/node.lib',
npm ERR! gyp info spawn args   '-Dmodule_root_dir=/home/ubuntu/quiz-network-server/react/node_modules/node-sass',
npm ERR! gyp info spawn args   '-Dnode_engine=v8',
npm ERR! gyp info spawn args   '--depth=.',
npm ERR! gyp info spawn args   '--no-parallel',
npm ERR! gyp info spawn args   '--generator-output',
npm ERR! gyp info spawn args   'build',
npm ERR! gyp info spawn args   '-Goutput_dir=.'
npm ERR! gyp info spawn args ]
npm ERR! gyp verb command build []
npm ERR! gyp verb build type Release
npm ERR! gyp verb architecture x64
npm ERR! gyp verb node dev dir /home/ubuntu/.cache/node-gyp/21.2.0
npm ERR! gyp verb `which` succeeded for `make` /usr/bin/make
npm ERR! gyp info spawn make
npm ERR! gyp info spawn args [ 'V=1', 'BUILDTYPE=Release', '-C', 'build' ]
npm ERR! In file included from ../src/libsass/src/ast.cpp:2:
npm ERR! ../src/libsass/src/ast.hpp: In member function virtual size_t Sass::Number::hash():
npm ERR! ../src/libsass/src/ast.hpp:1614:25: warning: loop variable numerator creates a copy from type const std::__cxx11::basic_string<char> [-Wrange-loop-construct]
npm ERR!  1614 |         for (const auto numerator : numerators)
npm ERR!       |                         ^~~~~~~~~
npm ERR! ../src/libsass/src/ast.hpp:1614:25: note: use reference type to prevent copying
npm ERR!  1614 |         for (const auto numerator : numerators)
npm ERR!       |                         ^~~~~~~~~
npm ERR!       |                         &
npm ERR! ../src/libsass/src/ast.hpp:1616:25: warning: loop variable denominator creates a copy from type const std::__cxx11::basic_string<char> [-Wrange-loop-construct]
npm ERR!  1616 |         for (const auto denominator : denominators)
npm ERR!       |                         ^~~~~~~~~~~
npm ERR! ../src/libsass/src/ast.hpp:1616:25: note: use reference type to prevent copying
npm ERR!  1616 |         for (const auto denominator : denominators)
npm ERR!       |                         ^~~~~~~~~~~
npm ERR!       |                         &
npm ERR! In file included from ../src/libsass/src/ast_fwd_decl.cpp:1:
npm ERR! ../src/libsass/src/ast.hpp: In member function virtual size_t Sass::Number::hash():
npm ERR! ../src/libsass/src/ast.hpp:1614:25: warning: loop variable numerator creates a copy from type const std::__cxx11::basic_string<char> [-Wrange-loop-construct]
npm ERR!  1614 |         for (const auto numerator : numerators)
npm ERR!       |                         ^~~~~~~~~
npm ERR! ../src/libsass/src/ast.hpp:1614:25: note: use reference type to prevent copying
npm ERR!  1614 |         for (const auto numerator : numerators)
npm ERR!       |                         ^~~~~~~~~
npm ERR!       |                         &
npm ERR! ../src/libsass/src/ast.hpp:1616:25: warning: loop variable denominator creates a copy from type const std::__cxx11::basic_string<char> [-Wrange-loop-construct]
npm ERR!  1616 |         for (const auto denominator : denominators)
npm ERR!       |                         ^~~~~~~~~~~
npm ERR! ../src/libsass/src/ast.hpp:1616:25: note: use reference type to prevent copying
npm ERR!  1616 |         for (const auto denominator : denominators)
npm ERR!       |                         ^~~~~~~~~~~
npm ERR!       |                         &
npm ERR! In file included from ../src/libsass/src/bind.cpp:3:
npm ERR! ../src/libsass/src/ast.hpp: In member function virtual size_t Sass::Number::hash():
npm ERR! ../src/libsass/src/ast.hpp:1614:25: warning: loop variable numerator creates a copy from type const std::__cxx11::basic_string<char> [-Wrange-loop-construct]
npm ERR!  1614 |         for (const auto numerator : numerators)
npm ERR!       |                         ^~~~~~~~~
npm ERR! ../src/libsass/src/ast.hpp:1614:25: note: use reference type to prevent copying
npm ERR!  1614 |         for (const auto numerator : numerators)
npm ERR!       |                         ^~~~~~~~~
npm ERR!       |                         &
npm ERR! ../src/libsass/src/ast.hpp:1616:25: warning: loop variable denominator creates a copy from type const std::__cxx11::basic_string<char> [-Wrange-loop-construct]
npm ERR!  1616 |         for (const auto denominator : denominators)
npm ERR!       |                         ^~~~~~~~~~~
npm ERR! ../src/libsass/src/ast.hpp:1616:25: note: use reference type to prevent copying
npm ERR!  1616 |         for (const auto denominator : denominators)
npm ERR!       |                         ^~~~~~~~~~~
npm ERR!       |                         &
npm ERR! ../src/libsass/src/cencode.c: In function base64_encode_block:
npm ERR! ../src/libsass/src/cencode.c:48:32: warning: this statement may fall through [-Wimplicit-fallthrough=]
npm ERR!    48 |                         result = (fragment & 0x003) << 4;
npm ERR!       |                         ~~~~~~~^~~~~~~~~~~~~~~~~~~~~~~~~
npm ERR! ../src/libsass/src/cencode.c:52:9: note: here
npm ERR!    52 |         case step_B:
npm ERR!       |         ^~~~
npm ERR! ../src/libsass/src/cencode.c:62:32: warning: this statement may fall through [-Wimplicit-fallthrough=]
npm ERR!    62 |                         result = (fragment & 0x00f) << 2;
npm ERR!       |                         ~~~~~~~^~~~~~~~~~~~~~~~~~~~~~~~~
npm ERR! ../src/libsass/src/cencode.c:66:9: note: here
npm ERR!    66 |         case step_C:
npm ERR!       |         ^~~~
npm ERR! In file included from ../src/libsass/src/check_nesting.hpp:4,
npm ERR!                  from ../src/libsass/src/check_nesting.cpp:4:
npm ERR! ../src/libsass/src/ast.hpp: In member function virtual size_t Sass::Number::hash():
npm ERR! ../src/libsass/src/ast.hpp:1614:25: warning: loop variable numerator creates a copy from type const std::__cxx11::basic_string<char> [-Wrange-loop-construct]
npm ERR!  1614 |         for (const auto numerator : numerators)
npm ERR!       |                         ^~~~~~~~~
npm ERR! ../src/libsass/src/ast.hpp:1614:25: note: use reference type to prevent copying
npm ERR!  1614 |         for (const auto numerator : numerators)
npm ERR!       |                         ^~~~~~~~~
npm ERR!       |                         &
npm ERR! ../src/libsass/src/ast.hpp:1616:25: warning: loop variable denominator creates a copy from type const std::__cxx11::basic_string<char> [-Wrange-loop-construct]
npm ERR!  1616 |         for (const auto denominator : denominators)
npm ERR!       |                         ^~~~~~~~~~~
npm ERR! ../src/libsass/src/ast.hpp:1616:25: note: use reference type to prevent copying
npm ERR!  1616 |         for (const auto denominator : denominators)
npm ERR!       |                         ^~~~~~~~~~~
npm ERR!       |                         &
npm ERR! In file included from ../src/libsass/src/color_maps.cpp:2:
npm ERR! ../src/libsass/src/ast.hpp: In member function virtual size_t Sass::Number::hash():
npm ERR! ../src/libsass/src/ast.hpp:1614:25: warning: loop variable numerator creates a copy from type const std::__cxx11::basic_string<char> [-Wrange-loop-construct]
npm ERR!  1614 |         for (const auto numerator : numerators)
npm ERR!       |                         ^~~~~~~~~
npm ERR! ../src/libsass/src/ast.hpp:1614:25: note: use reference type to prevent copying
npm ERR!  1614 |         for (const auto numerator : numerators)
npm ERR!       |                         ^~~~~~~~~
npm ERR!       |                         &
npm ERR! ../src/libsass/src/ast.hpp:1616:25: warning: loop variable denominator creates a copy from type const std::__cxx11::basic_string<char> [-Wrange-loop-construct]
npm ERR!  1616 |         for (const auto denominator : denominators)
npm ERR!       |                         ^~~~~~~~~~~
npm ERR! ../src/libsass/src/ast.hpp:1616:25: note: use reference type to prevent copying
npm ERR!  1616 |         for (const auto denominator : denominators)
npm ERR!       |                         ^~~~~~~~~~~
npm ERR!       |                         &
npm ERR! In file included from ../src/libsass/src/context.cpp:9:
npm ERR! ../src/libsass/src/ast.hpp: In member function virtual size_t Sass::Number::hash():
npm ERR! ../src/libsass/src/ast.hpp:1614:25: warning: loop variable numerator creates a copy from type const std::__cxx11::basic_string<char> [-Wrange-loop-construct]
npm ERR!  1614 |         for (const auto numerator : numerators)
npm ERR!       |                         ^~~~~~~~~
npm ERR! ../src/libsass/src/ast.hpp:1614:25: note: use reference type to prevent copying
npm ERR!  1614 |         for (const auto numerator : numerators)
npm ERR!       |                         ^~~~~~~~~
npm ERR!       |                         &
npm ERR! ../src/libsass/src/ast.hpp:1616:25: warning: loop variable denominator creates a copy from type const std::__cxx11::basic_string<char> [-Wrange-loop-construct]
npm ERR!  1616 |         for (const auto denominator : denominators)
npm ERR!       |                         ^~~~~~~~~~~
npm ERR! ../src/libsass/src/ast.hpp:1616:25: note: use reference type to prevent copying
npm ERR!  1616 |         for (const auto denominator : denominators)
npm ERR!       |                         ^~~~~~~~~~~
npm ERR!       |                         &
npm ERR! In file included from ../src/libsass/src/cssize.hpp:4,
npm ERR!                  from ../src/libsass/src/cssize.cpp:6:
npm ERR! ../src/libsass/src/ast.hpp: In member function virtual size_t Sass::Number::hash():
npm ERR! ../src/libsass/src/ast.hpp:1614:25: warning: loop variable numerator creates a copy from type const std::__cxx11::basic_string<char> [-Wrange-loop-construct]
npm ERR!  1614 |         for (const auto numerator : numerators)
npm ERR!       |                         ^~~~~~~~~
npm ERR! ../src/libsass/src/ast.hpp:1614:25: note: use reference type to prevent copying
npm ERR!  1614 |         for (const auto numerator : numerators)
npm ERR!       |                         ^~~~~~~~~
npm ERR!       |                         &
npm ERR! ../src/libsass/src/ast.hpp:1616:25: warning: loop variable denominator creates a copy from type const std::__cxx11::basic_string<char> [-Wrange-loop-construct]
npm ERR!  1616 |         for (const auto denominator : denominators)
npm ERR!       |                         ^~~~~~~~~~~
npm ERR! ../src/libsass/src/ast.hpp:1616:25: note: use reference type to prevent copying
npm ERR!  1616 |         for (const auto denominator : denominators)
npm ERR!       |                         ^~~~~~~~~~~
npm ERR!       |                         &
npm ERR! In file included from ../src/libsass/src/environment.cpp:2:
npm ERR! ../src/libsass/src/ast.hpp: In member function virtual size_t Sass::Number::hash():
npm ERR! ../src/libsass/src/ast.hpp:1614:25: warning: loop variable numerator creates a copy from type const std::__cxx11::basic_string<char> [-Wrange-loop-construct]
npm ERR!  1614 |         for (const auto numerator : numerators)
npm ERR!       |                         ^~~~~~~~~
npm ERR! ../src/libsass/src/ast.hpp:1614:25: note: use reference type to prevent copying
npm ERR!  1614 |         for (const auto numerator : numerators)
npm ERR!       |                         ^~~~~~~~~
npm ERR!       |                         &
npm ERR! ../src/libsass/src/ast.hpp:1616:25: warning: loop variable denominator creates a copy from type const std::__cxx11::basic_string<char> [-Wrange-loop-construct]
npm ERR!  1616 |         for (const auto denominator : denominators)
npm ERR!       |                         ^~~~~~~~~~~
npm ERR! ../src/libsass/src/ast.hpp:1616:25: note: use reference type to prevent copying
npm ERR!  1616 |         for (const auto denominator : denominators)
npm ERR!       |                         ^~~~~~~~~~~
npm ERR!       |                         &
npm ERR! In file included from ../src/libsass/src/error_handling.cpp:2:
npm ERR! ../src/libsass/src/ast.hpp: In member function virtual size_t Sass::Number::hash():
npm ERR! ../src/libsass/src/ast.hpp:1614:25: warning: loop variable numerator creates a copy from type const std::__cxx11::basic_string<char> [-Wrange-loop-construct]
npm ERR!  1614 |         for (const auto numerator : numerators)
npm ERR!       |                         ^~~~~~~~~
npm ERR! ../src/libsass/src/ast.hpp:1614:25: note: use reference type to prevent copying
npm ERR!  1614 |         for (const auto numerator : numerators)
npm ERR!       |                         ^~~~~~~~~
npm ERR!       |                         &
npm ERR! ../src/libsass/src/ast.hpp:1616:25: warning: loop variable denominator creates a copy from type const std::__cxx11::basic_string<char> [-Wrange-loop-construct]
npm ERR!  1616 |         for (const auto denominator : denominators)
npm ERR!       |                         ^~~~~~~~~~~
npm ERR! ../src/libsass/src/ast.hpp:1616:25: note: use reference type to prevent copying
npm ERR!  1616 |         for (const auto denominator : denominators)
npm ERR!       |                         ^~~~~~~~~~~
npm ERR!       |                         &
npm ERR! In file included from ../src/libsass/src/eval.hpp:4,
npm ERR!                  from ../src/libsass/src/eval.cpp:10:
npm ERR! ../src/libsass/src/ast.hpp: In member function virtual size_t Sass::Number::hash():
npm ERR! ../src/libsass/src/ast.hpp:1614:25: warning: loop variable numerator creates a copy from type const std::__cxx11::basic_string<char> [-Wrange-loop-construct]
npm ERR!  1614 |         for (const auto numerator : numerators)
npm ERR!       |                         ^~~~~~~~~
npm ERR! ../src/libsass/src/ast.hpp:1614:25: note: use reference type to prevent copying
npm ERR!  1614 |         for (const auto numerator : numerators)
npm ERR!       |                         ^~~~~~~~~
npm ERR!       |                         &
npm ERR! ../src/libsass/src/ast.hpp:1616:25: warning: loop variable denominator creates a copy from type const std::__cxx11::basic_string<char> [-Wrange-loop-construct]
npm ERR!  1616 |         for (const auto denominator : denominators)
npm ERR!       |                         ^~~~~~~~~~~
npm ERR! ../src/libsass/src/ast.hpp:1616:25: note: use reference type to prevent copying
npm ERR!  1616 |         for (const auto denominator : denominators)
npm ERR!       |                         ^~~~~~~~~~~
npm ERR!       |                         &
npm ERR! In file included from ../src/libsass/src/expand.cpp:5:
npm ERR! ../src/libsass/src/ast.hpp: In member function virtual size_t Sass::Number::hash():
npm ERR! ../src/libsass/src/ast.hpp:1614:25: warning: loop variable numerator creates a copy from type const std::__cxx11::basic_string<char> [-Wrange-loop-construct]
npm ERR!  1614 |         for (const auto numerator : numerators)
npm ERR!       |                         ^~~~~~~~~
npm ERR! ../src/libsass/src/ast.hpp:1614:25: note: use reference type to prevent copying
npm ERR!  1614 |         for (const auto numerator : numerators)
npm ERR!       |                         ^~~~~~~~~
npm ERR!       |                         &
npm ERR! ../src/libsass/src/ast.hpp:1616:25: warning: loop variable denominator creates a copy from type const std::__cxx11::basic_string<char> [-Wrange-loop-construct]
npm ERR!  1616 |         for (const auto denominator : denominators)
npm ERR!       |                         ^~~~~~~~~~~
npm ERR! ../src/libsass/src/ast.hpp:1616:25: note: use reference type to prevent copying
npm ERR!  1616 |         for (const auto denominator : denominators)
npm ERR!       |                         ^~~~~~~~~~~
npm ERR!       |                         &
npm ERR! In file included from ../src/libsass/src/extend.hpp:7,
npm ERR!                  from ../src/libsass/src/extend.cpp:2:
npm ERR! ../src/libsass/src/ast.hpp: In member function virtual size_t Sass::Number::hash():
npm ERR! ../src/libsass/src/ast.hpp:1614:25: warning: loop variable numerator creates a copy from type const std::__cxx11::basic_string<char> [-Wrange-loop-construct]
npm ERR!  1614 |         for (const auto numerator : numerators)
npm ERR!       |                         ^~~~~~~~~
npm ERR! ../src/libsass/src/ast.hpp:1614:25: note: use reference type to prevent copying
npm ERR!  1614 |         for (const auto numerator : numerators)
npm ERR!       |                         ^~~~~~~~~
npm ERR!       |                         &
npm ERR! ../src/libsass/src/ast.hpp:1616:25: warning: loop variable denominator creates a copy from type const std::__cxx11::basic_string<char> [-Wrange-loop-construct]
npm ERR!  1616 |         for (const auto denominator : denominators)
npm ERR!       |                         ^~~~~~~~~~~
npm ERR! ../src/libsass/src/ast.hpp:1616:25: note: use reference type to prevent copying
npm ERR!  1616 |         for (const auto denominator : denominators)
npm ERR!       |                         ^~~~~~~~~~~
npm ERR!       |                         &
npm ERR! In file included from ../src/libsass/src/listize.hpp:7,
npm ERR!                  from ../src/libsass/src/functions.hpp:4,
npm ERR!                  from ../src/libsass/src/sass_functions.hpp:6,
npm ERR!                  from ../src/libsass/src/file.cpp:23:
npm ERR! ../src/libsass/src/ast.hpp: In member function virtual size_t Sass::Number::hash():
npm ERR! ../src/libsass/src/ast.hpp:1614:25: warning: loop variable numerator creates a copy from type const std::__cxx11::basic_string<char> [-Wrange-loop-construct]
npm ERR!  1614 |         for (const auto numerator : numerators)
npm ERR!       |                         ^~~~~~~~~
npm ERR! ../src/libsass/src/ast.hpp:1614:25: note: use reference type to prevent copying
npm ERR!  1614 |         for (const auto numerator : numerators)
npm ERR!       |                         ^~~~~~~~~
npm ERR!       |                         &
npm ERR! ../src/libsass/src/ast.hpp:1616:25: warning: loop variable denominator creates a copy from type const std::__cxx11::basic_string<char> [-Wrange-loop-construct]
npm ERR!  1616 |         for (const auto denominator : denominators)
npm ERR!       |                         ^~~~~~~~~~~
npm ERR! ../src/libsass/src/ast.hpp:1616:25: note: use reference type to prevent copying
npm ERR!  1616 |         for (const auto denominator : denominators)
npm ERR!       |                         ^~~~~~~~~~~
npm ERR!       |                         &
npm ERR! In file included from ../src/libsass/src/listize.hpp:7,
npm ERR!                  from ../src/libsass/src/functions.hpp:4,
npm ERR!                  from ../src/libsass/src/functions.cpp:2:
npm ERR! ../src/libsass/src/ast.hpp: In member function virtual size_t Sass::Number::hash():
npm ERR! ../src/libsass/src/ast.hpp:1614:25: warning: loop variable numerator creates a copy from type const std::__cxx11::basic_string<char> [-Wrange-loop-construct]
npm ERR!  1614 |         for (const auto numerator : numerators)
npm ERR!       |                         ^~~~~~~~~
npm ERR! ../src/libsass/src/ast.hpp:1614:25: note: use reference type to prevent copying
npm ERR!  1614 |         for (const auto numerator : numerators)
npm ERR!       |                         ^~~~~~~~~
npm ERR!       |                         &
npm ERR! ../src/libsass/src/ast.hpp:1616:25: warning: loop variable denominator creates a copy from type const std::__cxx11::basic_string<char> [-Wrange-loop-construct]
npm ERR!  1616 |         for (const auto denominator : denominators)
npm ERR!       |                         ^~~~~~~~~~~
npm ERR! ../src/libsass/src/ast.hpp:1616:25: note: use reference type to prevent copying
npm ERR!  1616 |         for (const auto denominator : denominators)
npm ERR!       |                         ^~~~~~~~~~~
npm ERR!       |                         &
npm ERR! ../src/libsass/src/functions.cpp: In function void Sass::Functions::handle_utf8_error(const Sass::ParserState&, Sass::Backtraces):
npm ERR! ../src/libsass/src/functions.cpp:110:20: warning: catching polymorphic type class utf8::invalid_code_point by value [-Wcatch-value=]
npm ERR!   110 |       catch (utf8::invalid_code_point) {
npm ERR!       |                    ^~~~~~~~~~~~~~~~~~
npm ERR! ../src/libsass/src/functions.cpp:114:20: warning: catching polymorphic type class utf8::not_enough_room by value [-Wcatch-value=]
npm ERR!   114 |       catch (utf8::not_enough_room) {
npm ERR!       |                    ^~~~~~~~~~~~~~~
npm ERR! ../src/libsass/src/functions.cpp:118:20: warning: catching polymorphic type class utf8::invalid_utf8 by value [-Wcatch-value=]
npm ERR!   118 |       catch (utf8::invalid_utf8) {
npm ERR!       |                    ^~~~~~~~~~~~
npm ERR! In file included from ../src/libsass/src/inspect.cpp:9:
npm ERR! ../src/libsass/src/ast.hpp: In member function virtual size_t Sass::Number::hash():
npm ERR! ../src/libsass/src/ast.hpp:1614:25: warning: loop variable numerator creates a copy from type const std::__cxx11::basic_string<char> [-Wrange-loop-construct]
npm ERR!  1614 |         for (const auto numerator : numerators)
npm ERR!       |                         ^~~~~~~~~
npm ERR! ../src/libsass/src/ast.hpp:1614:25: note: use reference type to prevent copying
npm ERR!  1614 |         for (const auto numerator : numerators)
npm ERR!       |                         ^~~~~~~~~
npm ERR!       |                         &
npm ERR! ../src/libsass/src/ast.hpp:1616:25: warning: loop variable denominator creates a copy from type const std::__cxx11::basic_string<char> [-Wrange-loop-construct]
npm ERR!  1616 |         for (const auto denominator : denominators)
npm ERR!       |                         ^~~~~~~~~~~
npm ERR! ../src/libsass/src/ast.hpp:1616:25: note: use reference type to prevent copying
npm ERR!  1616 |         for (const auto denominator : denominators)
npm ERR!       |                         ^~~~~~~~~~~
npm ERR!       |                         &
npm ERR! ../src/libsass/src/json.cpp: In function char* json_encode_string(const char*):
npm ERR! ../src/libsass/src/json.cpp:405:15: warning: catching polymorphic type class std::exception by value [-Wcatch-value=]
npm ERR!   405 |   catch (std::exception) {
npm ERR!       |               ^~~~~~~~~
npm ERR! ../src/libsass/src/json.cpp: In function char* json_stringify(const JsonNode*, const char*):
npm ERR! ../src/libsass/src/json.cpp:424:15: warning: catching polymorphic type class std::exception by value [-Wcatch-value=]
npm ERR!   424 |   catch (std::exception) {
npm ERR!       |               ^~~~~~~~~
npm ERR! In file included from ../src/libsass/src/listize.hpp:7,
npm ERR!                  from ../src/libsass/src/listize.cpp:6:
npm ERR! ../src/libsass/src/ast.hpp: In member function virtual size_t Sass::Number::hash():
npm ERR! ../src/libsass/src/ast.hpp:1614:25: warning: loop variable numerator creates a copy from type const std::__cxx11::basic_string<char> [-Wrange-loop-construct]
npm ERR!  1614 |         for (const auto numerator : numerators)
npm ERR!       |                         ^~~~~~~~~
npm ERR! ../src/libsass/src/ast.hpp:1614:25: note: use reference type to prevent copying
npm ERR!  1614 |         for (const auto numerator : numerators)
npm ERR!       |                         ^~~~~~~~~
npm ERR!       |                         &
npm ERR! ../src/libsass/src/ast.hpp:1616:25: warning: loop variable denominator creates a copy from type const std::__cxx11::basic_string<char> [-Wrange-loop-construct]
npm ERR!  1616 |         for (const auto denominator : denominators)
npm ERR!       |                         ^~~~~~~~~~~
npm ERR! ../src/libsass/src/ast.hpp:1616:25: note: use reference type to prevent copying
npm ERR!  1616 |         for (const auto denominator : denominators)
npm ERR!       |                         ^~~~~~~~~~~
npm ERR!       |                         &
npm ERR! In file included from ../src/libsass/src/node.hpp:7,
npm ERR!                  from ../src/libsass/src/node.cpp:4:
npm ERR! ../src/libsass/src/ast.hpp: In member function virtual size_t Sass::Number::hash():
npm ERR! ../src/libsass/src/ast.hpp:1614:25: warning: loop variable numerator creates a copy from type const std::__cxx11::basic_string<char> [-Wrange-loop-construct]
npm ERR!  1614 |         for (const auto numerator : numerators)
npm ERR!       |                         ^~~~~~~~~
npm ERR! ../src/libsass/src/ast.hpp:1614:25: note: use reference type to prevent copying
npm ERR!  1614 |         for (const auto numerator : numerators)
npm ERR!       |                         ^~~~~~~~~
npm ERR!       |                         &
npm ERR! ../src/libsass/src/ast.hpp:1616:25: warning: loop variable denominator creates a copy from type const std::__cxx11::basic_string<char> [-Wrange-loop-construct]
npm ERR!  1616 |         for (const auto denominator : denominators)
npm ERR!       |                         ^~~~~~~~~~~
npm ERR! ../src/libsass/src/ast.hpp:1616:25: note: use reference type to prevent copying
npm ERR!  1616 |         for (const auto denominator : denominators)
npm ERR!       |                         ^~~~~~~~~~~
npm ERR!       |                         &
npm ERR! In file included from ../src/libsass/src/values.hpp:4,
npm ERR!                  from ../src/libsass/src/operators.hpp:4,
npm ERR!                  from ../src/libsass/src/operators.cpp:2:
npm ERR! ../src/libsass/src/ast.hpp: In member function virtual size_t Sass::Number::hash():
npm ERR! ../src/libsass/src/ast.hpp:1614:25: warning: loop variable numerator creates a copy from type const std::__cxx11::basic_string<char> [-Wrange-loop-construct]
npm ERR!  1614 |         for (const auto numerator : numerators)
npm ERR!       |                         ^~~~~~~~~
npm ERR! ../src/libsass/src/ast.hpp:1614:25: note: use reference type to prevent copying
npm ERR!  1614 |         for (const auto numerator : numerators)
npm ERR!       |                         ^~~~~~~~~
npm ERR!       |                         &
npm ERR! ../src/libsass/src/ast.hpp:1616:25: warning: loop variable denominator creates a copy from type const std::__cxx11::basic_string<char> [-Wrange-loop-construct]
npm ERR!  1616 |         for (const auto denominator : denominators)
npm ERR!       |                         ^~~~~~~~~~~
npm ERR! ../src/libsass/src/ast.hpp:1616:25: note: use reference type to prevent copying
npm ERR!  1616 |         for (const auto denominator : denominators)
npm ERR!       |                         ^~~~~~~~~~~
npm ERR!       |                         &
npm ERR! In file included from ../src/libsass/src/output.cpp:2:
npm ERR! ../src/libsass/src/ast.hpp: In member function virtual size_t Sass::Number::hash():
npm ERR! ../src/libsass/src/ast.hpp:1614:25: warning: loop variable numerator creates a copy from type const std::__cxx11::basic_string<char> [-Wrange-loop-construct]
npm ERR!  1614 |         for (const auto numerator : numerators)
npm ERR!       |                         ^~~~~~~~~
npm ERR! ../src/libsass/src/ast.hpp:1614:25: note: use reference type to prevent copying
npm ERR!  1614 |         for (const auto numerator : numerators)
npm ERR!       |                         ^~~~~~~~~
npm ERR!       |                         &
npm ERR! ../src/libsass/src/ast.hpp:1616:25: warning: loop variable denominator creates a copy from type const std::__cxx11::basic_string<char> [-Wrange-loop-construct]
npm ERR!  1616 |         for (const auto denominator : denominators)
npm ERR!       |                         ^~~~~~~~~~~
npm ERR! ../src/libsass/src/ast.hpp:1616:25: note: use reference type to prevent copying
npm ERR!  1616 |         for (const auto denominator : denominators)
npm ERR!       |                         ^~~~~~~~~~~
npm ERR!       |                         &
npm ERR! In file included from ../src/libsass/src/parser.hpp:7,
npm ERR!                  from ../src/libsass/src/parser.cpp:2:
npm ERR! ../src/libsass/src/ast.hpp: In member function virtual size_t Sass::Number::hash():
npm ERR! ../src/libsass/src/ast.hpp:1614:25: warning: loop variable numerator creates a copy from type const std::__cxx11::basic_string<char> [-Wrange-loop-construct]
npm ERR!  1614 |         for (const auto numerator : numerators)
npm ERR!       |                         ^~~~~~~~~
npm ERR! ../src/libsass/src/ast.hpp:1614:25: note: use reference type to prevent copying
npm ERR!  1614 |         for (const auto numerator : numerators)
npm ERR!       |                         ^~~~~~~~~
npm ERR!       |                         &
npm ERR! ../src/libsass/src/ast.hpp:1616:25: warning: loop variable denominator creates a copy from type const std::__cxx11::basic_string<char> [-Wrange-loop-construct]
npm ERR!  1616 |         for (const auto denominator : denominators)
npm ERR!       |                         ^~~~~~~~~~~
npm ERR! ../src/libsass/src/ast.hpp:1616:25: note: use reference type to prevent copying
npm ERR!  1616 |         for (const auto denominator : denominators)
npm ERR!       |                         ^~~~~~~~~~~
npm ERR!       |                         &
npm ERR! In file included from ../src/libsass/src/remove_placeholders.hpp:6,
npm ERR!                  from ../src/libsass/src/remove_placeholders.cpp:2:
npm ERR! ../src/libsass/src/ast.hpp: In member function virtual size_t Sass::Number::hash():
npm ERR! ../src/libsass/src/ast.hpp:1614:25: warning: loop variable numerator creates a copy from type const std::__cxx11::basic_string<char> [-Wrange-loop-construct]
npm ERR!  1614 |         for (const auto numerator : numerators)
npm ERR!       |                         ^~~~~~~~~
npm ERR! ../src/libsass/src/ast.hpp:1614:25: note: use reference type to prevent copying
npm ERR!  1614 |         for (const auto numerator : numerators)
npm ERR!       |                         ^~~~~~~~~
npm ERR!       |                         &
npm ERR! ../src/libsass/src/ast.hpp:1616:25: warning: loop variable denominator creates a copy from type const std::__cxx11::basic_string<char> [-Wrange-loop-construct]
npm ERR!  1616 |         for (const auto denominator : denominators)
npm ERR!       |                         ^~~~~~~~~~~
npm ERR! ../src/libsass/src/ast.hpp:1616:25: note: use reference type to prevent copying
npm ERR!  1616 |         for (const auto denominator : denominators)
npm ERR!       |                         ^~~~~~~~~~~
npm ERR!       |                         &
npm ERR! In file included from ../src/libsass/src/listize.hpp:7,
npm ERR!                  from ../src/libsass/src/functions.hpp:4,
npm ERR!                  from ../src/libsass/src/sass_functions.hpp:6,
npm ERR!                  from ../src/libsass/src/sass.cpp:11:
npm ERR! ../src/libsass/src/ast.hpp: In member function virtual size_t Sass::Number::hash():
npm ERR! ../src/libsass/src/ast.hpp:1614:25: warning: loop variable numerator creates a copy from type const std::__cxx11::basic_string<char> [-Wrange-loop-construct]
npm ERR!  1614 |         for (const auto numerator : numerators)
npm ERR!       |                         ^~~~~~~~~
npm ERR! ../src/libsass/src/ast.hpp:1614:25: note: use reference type to prevent copying
npm ERR!  1614 |         for (const auto numerator : numerators)
npm ERR!       |                         ^~~~~~~~~
npm ERR!       |                         &
npm ERR! ../src/libsass/src/ast.hpp:1616:25: warning: loop variable denominator creates a copy from type const std::__cxx11::basic_string<char> [-Wrange-loop-construct]
npm ERR!  1616 |         for (const auto denominator : denominators)
npm ERR!       |                         ^~~~~~~~~~~
npm ERR! ../src/libsass/src/ast.hpp:1616:25: note: use reference type to prevent copying
npm ERR!  1616 |         for (const auto denominator : denominators)
npm ERR!       |                         ^~~~~~~~~~~
npm ERR!       |                         &
npm ERR! In file included from ../src/libsass/src/sass_context.cpp:9:
npm ERR! ../src/libsass/src/ast.hpp: In member function virtual size_t Sass::Number::hash():
npm ERR! ../src/libsass/src/ast.hpp:1614:25: warning: loop variable numerator creates a copy from type const std::__cxx11::basic_string<char> [-Wrange-loop-construct]
npm ERR!  1614 |         for (const auto numerator : numerators)
npm ERR!       |                         ^~~~~~~~~
npm ERR! ../src/libsass/src/ast.hpp:1614:25: note: use reference type to prevent copying
npm ERR!  1614 |         for (const auto numerator : numerators)
npm ERR!       |                         ^~~~~~~~~
npm ERR!       |                         &
npm ERR! ../src/libsass/src/ast.hpp:1616:25: warning: loop variable denominator creates a copy from type const std::__cxx11::basic_string<char> [-Wrange-loop-construct]
npm ERR!  1616 |         for (const auto denominator : denominators)
npm ERR!       |                         ^~~~~~~~~~~
npm ERR! ../src/libsass/src/ast.hpp:1616:25: note: use reference type to prevent copying
npm ERR!  1616 |         for (const auto denominator : denominators)
npm ERR!       |                         ^~~~~~~~~~~
npm ERR!       |                         &
npm ERR! In file included from ../src/libsass/src/values.hpp:4,
npm ERR!                  from ../src/libsass/src/sass_functions.cpp:5:
npm ERR! ../src/libsass/src/ast.hpp: In member function virtual size_t Sass::Number::hash():
npm ERR! ../src/libsass/src/ast.hpp:1614:25: warning: loop variable numerator creates a copy from type const std::__cxx11::basic_string<char> [-Wrange-loop-construct]
npm ERR!  1614 |         for (const auto numerator : numerators)
npm ERR!       |                         ^~~~~~~~~
npm ERR! ../src/libsass/src/ast.hpp:1614:25: note: use reference type to prevent copying
npm ERR!  1614 |         for (const auto numerator : numerators)
npm ERR!       |                         ^~~~~~~~~
npm ERR!       |                         &
npm ERR! ../src/libsass/src/ast.hpp:1616:25: warning: loop variable denominator creates a copy from type const std::__cxx11::basic_string<char> [-Wrange-loop-construct]
npm ERR!  1616 |         for (const auto denominator : denominators)
npm ERR!       |                         ^~~~~~~~~~~
npm ERR! ../src/libsass/src/ast.hpp:1616:25: note: use reference type to prevent copying
npm ERR!  1616 |         for (const auto denominator : denominators)
npm ERR!       |                         ^~~~~~~~~~~
npm ERR!       |                         &
npm ERR! In file included from ../src/libsass/src/node.hpp:7,
npm ERR!                  from ../src/libsass/src/sass_util.cpp:2:
npm ERR! ../src/libsass/src/ast.hpp: In member function virtual size_t Sass::Number::hash():
npm ERR! ../src/libsass/src/ast.hpp:1614:25: warning: loop variable numerator creates a copy from type const std::__cxx11::basic_string<char> [-Wrange-loop-construct]
npm ERR!  1614 |         for (const auto numerator : numerators)
npm ERR!       |                         ^~~~~~~~~
npm ERR! ../src/libsass/src/ast.hpp:1614:25: note: use reference type to prevent copying
npm ERR!  1614 |         for (const auto numerator : numerators)
npm ERR!       |                         ^~~~~~~~~
npm ERR!       |                         &
npm ERR! ../src/libsass/src/ast.hpp:1616:25: warning: loop variable denominator creates a copy from type const std::__cxx11::basic_string<char> [-Wrange-loop-construct]
npm ERR!  1616 |         for (const auto denominator : denominators)
npm ERR!       |                         ^~~~~~~~~~~
npm ERR! ../src/libsass/src/ast.hpp:1616:25: note: use reference type to prevent copying
npm ERR!  1616 |         for (const auto denominator : denominators)
npm ERR!       |                         ^~~~~~~~~~~
npm ERR!       |                         &
npm ERR! In file included from ../src/libsass/src/eval.hpp:4,
npm ERR!                  from ../src/libsass/src/sass_values.cpp:5:
npm ERR! ../src/libsass/src/ast.hpp: In member function virtual size_t Sass::Number::hash():
npm ERR! ../src/libsass/src/ast.hpp:1614:25: warning: loop variable numerator creates a copy from type const std::__cxx11::basic_string<char> [-Wrange-loop-construct]
npm ERR!  1614 |         for (const auto numerator : numerators)
npm ERR!       |                         ^~~~~~~~~
npm ERR! ../src/libsass/src/ast.hpp:1614:25: note: use reference type to prevent copying
npm ERR!  1614 |         for (const auto numerator : numerators)
npm ERR!       |                         ^~~~~~~~~
npm ERR!       |                         &
npm ERR! ../src/libsass/src/ast.hpp:1616:25: warning: loop variable denominator creates a copy from type const std::__cxx11::basic_string<char> [-Wrange-loop-construct]
npm ERR!  1616 |         for (const auto denominator : denominators)
npm ERR!       |                         ^~~~~~~~~~~
npm ERR! ../src/libsass/src/ast.hpp:1616:25: note: use reference type to prevent copying
npm ERR!  1616 |         for (const auto denominator : denominators)
npm ERR!       |                         ^~~~~~~~~~~
npm ERR!       |                         &
npm ERR! In file included from ../src/libsass/src/source_map.cpp:7:
npm ERR! ../src/libsass/src/ast.hpp: In member function virtual size_t Sass::Number::hash():
npm ERR! ../src/libsass/src/ast.hpp:1614:25: warning: loop variable numerator creates a copy from type const std::__cxx11::basic_string<char> [-Wrange-loop-construct]
npm ERR!  1614 |         for (const auto numerator : numerators)
npm ERR!       |                         ^~~~~~~~~
npm ERR! ../src/libsass/src/ast.hpp:1614:25: note: use reference type to prevent copying
npm ERR!  1614 |         for (const auto numerator : numerators)
npm ERR!       |                         ^~~~~~~~~
npm ERR!       |                         &
npm ERR! ../src/libsass/src/ast.hpp:1616:25: warning: loop variable denominator creates a copy from type const std::__cxx11::basic_string<char> [-Wrange-loop-construct]
npm ERR!  1616 |         for (const auto denominator : denominators)
npm ERR!       |                         ^~~~~~~~~~~
npm ERR! ../src/libsass/src/ast.hpp:1616:25: note: use reference type to prevent copying
npm ERR!  1616 |         for (const auto denominator : denominators)
npm ERR!       |                         ^~~~~~~~~~~
npm ERR!       |                         &
npm ERR! In file included from ../src/libsass/src/subset_map.cpp:2:
npm ERR! ../src/libsass/src/ast.hpp: In member function virtual size_t Sass::Number::hash():
npm ERR! ../src/libsass/src/ast.hpp:1614:25: warning: loop variable numerator creates a copy from type const std::__cxx11::basic_string<char> [-Wrange-loop-construct]
npm ERR!  1614 |         for (const auto numerator : numerators)
npm ERR!       |                         ^~~~~~~~~
npm ERR! ../src/libsass/src/ast.hpp:1614:25: note: use reference type to prevent copying
npm ERR!  1614 |         for (const auto numerator : numerators)
npm ERR!       |                         ^~~~~~~~~
npm ERR!       |                         &
npm ERR! ../src/libsass/src/ast.hpp:1616:25: warning: loop variable denominator creates a copy from type const std::__cxx11::basic_string<char> [-Wrange-loop-construct]
npm ERR!  1616 |         for (const auto denominator : denominators)
npm ERR!       |                         ^~~~~~~~~~~
npm ERR! ../src/libsass/src/ast.hpp:1616:25: note: use reference type to prevent copying
npm ERR!  1616 |         for (const auto denominator : denominators)
npm ERR!       |                         ^~~~~~~~~~~
npm ERR!       |                         &
npm ERR! In file included from ../src/libsass/src/to_c.cpp:3:
npm ERR! ../src/libsass/src/ast.hpp: In member function virtual size_t Sass::Number::hash():
npm ERR! ../src/libsass/src/ast.hpp:1614:25: warning: loop variable numerator creates a copy from type const std::__cxx11::basic_string<char> [-Wrange-loop-construct]
npm ERR!  1614 |         for (const auto numerator : numerators)
npm ERR!       |                         ^~~~~~~~~
npm ERR! ../src/libsass/src/ast.hpp:1614:25: note: use reference type to prevent copying
npm ERR!  1614 |         for (const auto numerator : numerators)
npm ERR!       |                         ^~~~~~~~~
npm ERR!       |                         &
npm ERR! ../src/libsass/src/ast.hpp:1616:25: warning: loop variable denominator creates a copy from type const std::__cxx11::basic_string<char> [-Wrange-loop-construct]
npm ERR!  1616 |         for (const auto denominator : denominators)
npm ERR!       |                         ^~~~~~~~~~~
npm ERR! ../src/libsass/src/ast.hpp:1616:25: note: use reference type to prevent copying
npm ERR!  1616 |         for (const auto denominator : denominators)
npm ERR!       |                         ^~~~~~~~~~~
npm ERR!       |                         &
npm ERR! In file included from ../src/libsass/src/to_value.cpp:2:
npm ERR! ../src/libsass/src/ast.hpp: In member function virtual size_t Sass::Number::hash():
npm ERR! ../src/libsass/src/ast.hpp:1614:25: warning: loop variable numerator creates a copy from type const std::__cxx11::basic_string<char> [-Wrange-loop-construct]
npm ERR!  1614 |         for (const auto numerator : numerators)
npm ERR!       |                         ^~~~~~~~~
npm ERR! ../src/libsass/src/ast.hpp:1614:25: note: use reference type to prevent copying
npm ERR!  1614 |         for (const auto numerator : numerators)
npm ERR!       |                         ^~~~~~~~~
npm ERR!       |                         &
npm ERR! ../src/libsass/src/ast.hpp:1616:25: warning: loop variable denominator creates a copy from type const std::__cxx11::basic_string<char> [-Wrange-loop-construct]
npm ERR!  1616 |         for (const auto denominator : denominators)
npm ERR!       |                         ^~~~~~~~~~~
npm ERR! ../src/libsass/src/ast.hpp:1616:25: note: use reference type to prevent copying
npm ERR!  1616 |         for (const auto denominator : denominators)
npm ERR!       |                         ^~~~~~~~~~~
npm ERR!       |                         &
npm ERR! In file included from ../src/libsass/src/util.cpp:3:
npm ERR! ../src/libsass/src/ast.hpp: In member function virtual size_t Sass::Number::hash():
npm ERR! ../src/libsass/src/ast.hpp:1614:25: warning: loop variable numerator creates a copy from type const std::__cxx11::basic_string<char> [-Wrange-loop-construct]
npm ERR!  1614 |         for (const auto numerator : numerators)
npm ERR!       |                         ^~~~~~~~~
npm ERR! ../src/libsass/src/ast.hpp:1614:25: note: use reference type to prevent copying
npm ERR!  1614 |         for (const auto numerator : numerators)
npm ERR!       |                         ^~~~~~~~~
npm ERR!       |                         &
npm ERR! ../src/libsass/src/ast.hpp:1616:25: warning: loop variable denominator creates a copy from type const std::__cxx11::basic_string<char> [-Wrange-loop-construct]
npm ERR!  1616 |         for (const auto denominator : denominators)
npm ERR!       |                         ^~~~~~~~~~~
npm ERR! ../src/libsass/src/ast.hpp:1616:25: note: use reference type to prevent copying
npm ERR!  1616 |         for (const auto denominator : denominators)
npm ERR!       |                         ^~~~~~~~~~~
npm ERR!       |                         &
npm ERR! In file included from ../src/libsass/src/values.hpp:4,
npm ERR!                  from ../src/libsass/src/values.cpp:3:
npm ERR! ../src/libsass/src/ast.hpp: In member function virtual size_t Sass::Number::hash():
npm ERR! ../src/libsass/src/ast.hpp:1614:25: warning: loop variable numerator creates a copy from type const std::__cxx11::basic_string<char> [-Wrange-loop-construct]
npm ERR!  1614 |         for (const auto numerator : numerators)
npm ERR!       |                         ^~~~~~~~~
npm ERR! ../src/libsass/src/ast.hpp:1614:25: note: use reference type to prevent copying
npm ERR!  1614 |         for (const auto numerator : numerators)
npm ERR!       |                         ^~~~~~~~~
npm ERR!       |                         &
npm ERR! ../src/libsass/src/ast.hpp:1616:25: warning: loop variable denominator creates a copy from type const std::__cxx11::basic_string<char> [-Wrange-loop-construct]
npm ERR!  1616 |         for (const auto denominator : denominators)
npm ERR!       |                         ^~~~~~~~~~~
npm ERR! ../src/libsass/src/ast.hpp:1616:25: note: use reference type to prevent copying
npm ERR!  1616 |         for (const auto denominator : denominators)
npm ERR!       |                         ^~~~~~~~~~~
npm ERR!       |                         &
npm ERR! In file included from ../src/binding.cpp:1:
npm ERR! ../../nan/nan.h: In function bool Nan::IdleNotification(int):
npm ERR! ../../nan/nan.h:686:63: warning: bool v8::Isolate::IdleNotificationDeadline(double) is deprecated: Use MemoryPressureNotification() to influence the GC schedule. [-Wdeprecated-declarations]
npm ERR!   686 |     return v8::Isolate::GetCurrent()->IdleNotificationDeadline(
npm ERR!       |            ~~~~~~~~~~~~~~~~~~~~~~~~~~~~~~~~~~~~~~~~~~~~~~~~~~~^
npm ERR!   687 |         idle_time_in_ms * 0.001);
npm ERR!       |         ~~~~~~~~~~~~~~~~~~~~~~~~                               
npm ERR! In file included from /home/ubuntu/.cache/node-gyp/21.2.0/include/node/v8-initialization.h:13,
npm ERR!                  from /home/ubuntu/.cache/node-gyp/21.2.0/include/node/v8.h:34,
npm ERR!                  from /home/ubuntu/.cache/node-gyp/21.2.0/include/node/node.h:73,
npm ERR!                  from ../../nan/nan.h:60,
npm ERR!                  from ../src/binding.cpp:1:
npm ERR! /home/ubuntu/.cache/node-gyp/21.2.0/include/node/v8-isolate.h:1341:8: note: declared here
npm ERR!  1341 |   bool IdleNotificationDeadline(double deadline_in_seconds);
npm ERR!       |        ^~~~~~~~~~~~~~~~~~~~~~~~
npm ERR! ../src/binding.cpp: In function Nan::NAN_METHOD_RETURN_TYPE render(Nan::NAN_METHOD_ARGS_TYPE):
npm ERR! ../src/binding.cpp:284:80: warning: cast between incompatible function types from void (*)(uv_work_t*) {aka void (*)(uv_work_s*)} to uv_after_work_cb {aka void (*)(uv_work_s*, int)} [-Wcast-function-type]
npm ERR!   284 |     int status = uv_queue_work(uv_default_loop(), &ctx_w->request, compile_it, (uv_after_work_cb)MakeCallback);
npm ERR!       |                                                                                ^~~~~~~~~~~~~~~~~~~~~~~~~~~~~~
npm ERR! ../src/binding.cpp: In function Nan::NAN_METHOD_RETURN_TYPE render_file(Nan::NAN_METHOD_ARGS_TYPE):
npm ERR! ../src/binding.cpp:320:80: warning: cast between incompatible function types from void (*)(uv_work_t*) {aka void (*)(uv_work_s*)} to uv_after_work_cb {aka void (*)(uv_work_s*, int)} [-Wcast-function-type]
npm ERR!   320 |     int status = uv_queue_work(uv_default_loop(), &ctx_w->request, compile_it, (uv_after_work_cb)MakeCallback);
npm ERR!       |                                                                                ^~~~~~~~~~~~~~~~~~~~~~~~~~~~~~
npm ERR! In file included from ../../nan/nan.h:60,
npm ERR!                  from ../src/binding.cpp:1:
npm ERR! ../src/binding.cpp: At global scope:
npm ERR! /home/ubuntu/.cache/node-gyp/21.2.0/include/node/node.h:1172:7: warning: cast between incompatible function types from void (*)(Nan::ADDON_REGISTER_FUNCTION_ARGS_TYPE) {aka void (*)(v8::Local<v8::Object>)} to node::addon_register_func {aka void (*)(v8::Local<v8::Object>, v8::Local<v8::Value>, void*)} [-Wcast-function-type]
npm ERR!  1172 |       (node::addon_register_func) (regfunc),                          \
npm ERR!       |       ^~~~~~~~~~~~~~~~~~~~~~~~~~~~~~~~~~~~~
npm ERR! /home/ubuntu/.cache/node-gyp/21.2.0/include/node/node.h:1206:3: note: in expansion of macro NODE_MODULE_X
npm ERR!  1206 |   NODE_MODULE_X(modname, regfunc, NULL, 0)  // NOLINT (readability/null_usage)
npm ERR!       |   ^~~~~~~~~~~~~
npm ERR! ../src/binding.cpp:358:1: note: in expansion of macro NODE_MODULE
npm ERR!   358 | NODE_MODULE(binding, RegisterModule);
npm ERR!       | ^~~~~~~~~~~
npm ERR! In file included from /home/ubuntu/.cache/node-gyp/21.2.0/include/node/v8-array-buffer.h:12,
npm ERR!                  from /home/ubuntu/.cache/node-gyp/21.2.0/include/node/v8.h:24,
npm ERR!                  from /home/ubuntu/.cache/node-gyp/21.2.0/include/node/node.h:73,
npm ERR!                  from ../../nan/nan.h:60,
npm ERR!                  from ../src/binding.cpp:1:
npm ERR! /home/ubuntu/.cache/node-gyp/21.2.0/include/node/v8-local-handle.h: In instantiation of v8::Local<T>::Local(v8::Local<S>) [with S = v8::Data; T = v8::Value]:
npm ERR! ../../nan/nan_callbacks_12_inl.h:175:53:   required from here
npm ERR! /home/ubuntu/.cache/node-gyp/21.2.0/include/node/v8-local-handle.h:253:42: error: static assertion failed: type check
npm ERR!   253 |     static_assert(std::is_base_of<T, S>::value, "type check");
npm ERR!       |                                          ^~~~~
npm ERR! /home/ubuntu/.cache/node-gyp/21.2.0/include/node/v8-local-handle.h:253:42: note: std::integral_constant<bool, false>::value evaluates to false
npm ERR! make: *** [binding.target.mk:131: Release/obj.target/binding/src/binding.o] Error 1
npm ERR! gyp ERR! build error 
npm ERR! gyp ERR! stack Error: `make` failed with exit code: 2
npm ERR! gyp ERR! stack     at ChildProcess.onExit (/home/ubuntu/quiz-network-server/react/node_modules/node-gyp/lib/build.js:194:23)
npm ERR! gyp ERR! stack     at ChildProcess.emit (node:events:519:28)
npm ERR! gyp ERR! stack     at ChildProcess._handle.onexit (node:internal/child_process:294:12)
npm ERR! gyp ERR! System Linux 6.2.0-1016-aws
npm ERR! gyp ERR! command "/home/ubuntu/.nvm/versions/node/v21.2.0/bin/node" "/home/ubuntu/quiz-network-server/react/node_modules/node-gyp/bin/node-gyp.js" "rebuild" "--verbose" "--libsass_ext=" "--libsass_cflags=" "--libsass_ldflags=" "--libsass_library="
npm ERR! gyp ERR! cwd /home/ubuntu/quiz-network-server/react/node_modules/node-sass
npm ERR! gyp ERR! node -v v21.2.0
npm ERR! gyp ERR! node-gyp -v v8.4.1
npm ERR! gyp ERR! not ok 
npm ERR! Build failed with error code: 1

npm ERR! A complete log of this run can be found in: /home/ubuntu/.npm/_logs/2023-11-30T05_38_45_244Z-debug-0.log
